#
# A fatal error has been detected by the Java Runtime Environment:
#
#  EXCEPTION_ACCESS_VIOLATION (0xc0000005) at pc=0x00007ffb91b3fbdd, pid=8160, tid=5448
#
# JRE version: OpenJDK Runtime Environment Corretto-17.0.6.10.1 (17.0.6+10) (build 17.0.6+10-LTS)
# Java VM: OpenJDK 64-Bit Server VM Corretto-17.0.6.10.1 (17.0.6+10-LTS, mixed mode, sharing, tiered, compressed oops, compressed class ptrs, g1 gc, windows-amd64)
# Problematic frame:
# C  [lwjgl_opengl.dll+0xfbdd]
#
# No core dump will be written. Minidumps are not enabled by default on client versions of Windows
#
# If you would like to submit a bug report, please visit:
#   https://github.com/corretto/corretto-17/issues/
# The crash happened outside the Java Virtual Machine in native code.
# See problematic frame for where to report the bug.
#

---------------  S U M M A R Y ------------

Command Line: -javaagent:C:\Program Files\JetBrains\IntelliJ IDEA 2022.3.2\lib\idea_rt.jar=63573:C:\Program Files\JetBrains\IntelliJ IDEA 2022.3.2\bin -Dfile.encoding=UTF-8 engine.krisp.sample.MainKt

Host: 11th Gen Intel(R) Core(TM) i5-11300H @ 3.10GHz, 8 cores, 15G,  Windows 11 , 64 bit Build 22621 (10.0.22621.1485)
Time: Sat Apr 22 01:45:51 2023 Azerbaijan Standard Time elapsed time: 1.124163 seconds (0d 0h 0m 1s)

---------------  T H R E A D  ---------------

Current thread (0x00000236fe8c8810):  JavaThread "main" [_thread_in_native, id=5448, stack(0x0000009f72700000,0x0000009f72800000)]

Stack: [0x0000009f72700000,0x0000009f72800000],  sp=0x0000009f727ff418,  free space=1021k
Native frames: (J=compiled Java code, j=interpreted, Vv=VM code, C=native code)
C  [lwjgl_opengl.dll+0xfbdd]

Java frames: (J=compiled Java code, j=interpreted, Vv=VM code)
j  org.lwjgl.opengl.GL30C.nglGenVertexArrays(IJ)V+0
j  org.lwjgl.opengl.GL30C.glGenVertexArrays()I+20
j  org.lwjgl.opengl.GL30.glGenVertexArrays()I+0
j  engine.krisp.texture.MeshLoader.generateVao()I+0
j  engine.krisp.texture.MeshLoader.createMesh([F[I)Lengine/krisp/texture/Mesh;+13
j  engine.krisp.sample.SampleWindow.<init>()V+105
j  engine.krisp.sample.Main.onEnable$sample()V+11
j  engine.krisp.sample.MainKt.main()V+3
j  engine.krisp.sample.MainKt.main([Ljava/lang/String;)V+0
v  ~StubRoutines::call_stub

siginfo: EXCEPTION_ACCESS_VIOLATION (0xc0000005), reading address 0x00000000000013c8


Register to memory mapping:

RIP=0x00007ffb91b3fbdd lwjgl_opengl.dll
RAX=0x00000236a2c08020 points into unknown readable memory: 0x0000000000000000 | 00 00 00 00 00 00 00 00
RBX={method} {0x00000236a4691100} 'nglGenVertexArrays' '(IJ)V' in 'org/lwjgl/opengl/GL30C'
RCX=0x0000000000000001 is an unknown value
RDX=0x00000236a31501b4 points into unknown readable memory: 00 00 00 00
RSP=0x0000009f727ff418 is pointing into the stack for thread: 0x00000236fe8c8810
RBP=0x0000009f727ff4a0 is pointing into the stack for thread: 0x00000236fe8c8810
RSI=0x00000236a44c75e8 is pointing into metadata
RDI=0x000002368ef695cd is at code_begin+1325 in an Interpreter codelet
return entry points  [0x000002368ef690a0, 0x000002368ef69ba0]  2816 bytes
R8 =0x0000000000000001 is an unknown value
R9 =0x00000236a31501b4 points into unknown readable memory: 00 00 00 00
R10=0x0 is NULL
R11=0x00000007143e4d18 is an oop: java.lang.Class 
{0x00000007143e4d18} - klass: 'java/lang/Class'
 - ---- fields (total size 130 words):
 - private volatile transient 'classRedefinedCount' 'I' @12  0
 - private volatile transient 'cachedConstructor' 'Ljava/lang/reflect/Constructor;' @40  NULL (0)
 - private transient 'name' 'Ljava/lang/String;' @44  "org.lwjgl.opengl.GL30C"{0x00000007143e5138} (e287ca27)
 - private transient 'module' 'Ljava/lang/Module;' @48  a 'java/lang/Module'{0x0000000713416a58} (e2682d4b)
 - private final 'classLoader' 'Ljava/lang/ClassLoader;' @52  a 'jdk/internal/loader/ClassLoaders$AppClassLoader'{0x0000000713400000} (e2680000)
 - private transient 'classData' 'Ljava/lang/Object;' @56  NULL (0)
 - private transient 'packageName' 'Ljava/lang/String;' @60  "org.lwjgl.opengl"{0x000000071423c1a8} (e2847835)
 - private final 'componentType' 'Ljava/lang/Class;' @64  NULL (0)
 - private volatile transient 'reflectionData' 'Ljava/lang/ref/SoftReference;' @68  NULL (0)
 - private volatile transient 'genericInfo' 'Lsun/reflect/generics/repository/ClassRepository;' @72  NULL (0)
 - private volatile transient 'enumConstants' '[Ljava/lang/Object;' @76  NULL (0)
 - private volatile transient 'enumConstantDirectory' 'Ljava/util/Map;' @80  NULL (0)
 - private volatile transient 'annotationData' 'Ljava/lang/Class$AnnotationData;' @84  NULL (0)
 - private volatile transient 'annotationType' 'Lsun/reflect/annotation/AnnotationType;' @88  NULL (0)
 - transient 'classValueMap' 'Ljava/lang/ClassValue$ClassValueMap;' @92  NULL (0)
 - signature: Lorg/lwjgl/opengl/GL30C;
 - fake entry for mirror: 'org/lwjgl/opengl/GL30C'
 - fake entry for array: NULL
 - fake entry for oop_size: 130
 - fake entry for static_oop_field_count: 0
 - public static final 'GL_MAJOR_VERSION' 'I' @112  33307 (821b)
 - public static final 'GL_MINOR_VERSION' 'I' @116  33308 (821c)
 - public static final 'GL_NUM_EXTENSIONS' 'I' @120  33309 (821d)
 - public static final 'GL_CONTEXT_FLAGS' 'I' @124  33310 (821e)
 - public static final 'GL_CONTEXT_FLAG_FORWARD_COMPATIBLE_BIT' 'I' @128  1
 - public static final 'GL_COMPARE_REF_TO_TEXTURE' 'I' @132  34894 (884e)
 - public static final 'GL_CLIP_DISTANCE0' 'I' @136  12288 (3000)
 - public static final 'GL_CLIP_DISTANCE1' 'I' @140  12289 (3001)
 - public static final 'GL_CLIP_DISTANCE2' 'I' @144  12290 (3002)
 - public static final 'GL_CLIP_DISTANCE3' 'I' @148  12291 (3003)
 - public static final 'GL_CLIP_DISTANCE4' 'I' @152  12292 (3004)
 - public static final 'GL_CLIP_DISTANCE5' 'I' @156  12293 (3005)
 - public static final 'GL_CLIP_DISTANCE6' 'I' @160  12294 (3006)
 - public static final 'GL_CLIP_DISTANCE7' 'I' @164  12295 (3007)
 - public static final 'GL_MAX_CLIP_DISTANCES' 'I' @168  3378 (d32)
 - public static final 'GL_MAX_VARYING_COMPONENTS' 'I' @172  35659 (8b4b)
 - public static final 'GL_VERTEX_ATTRIB_ARRAY_INTEGER' 'I' @176  35069 (88fd)
 - public static final 'GL_SAMPLER_1D_ARRAY' 'I' @180  36288 (8dc0)
 - public static final 'GL_SAMPLER_2D_ARRAY' 'I' @184  36289 (8dc1)
 - public static final 'GL_SAMPLER_1D_ARRAY_SHADOW' 'I' @188  36291 (8dc3)
 - public static final 'GL_SAMPLER_2D_ARRAY_SHADOW' 'I' @192  36292 (8dc4)
 - public static final 'GL_SAMPLER_CUBE_SHADOW' 'I' @196  36293 (8dc5)
 - public static final 'GL_UNSIGNED_INT_VEC2' 'I' @200  36294 (8dc6)
 - public static final 'GL_UNSIGNED_INT_VEC3' 'I' @204  36295 (8dc7)
 - public static final 'GL_UNSIGNED_INT_VEC4' 'I' @208  36296 (8dc8)
 - public static final 'GL_INT_SAMPLER_1D' 'I' @212  36297 (8dc9)
 - public static final 'GL_INT_SAMPLER_2D' 'I' @216  36298 (8dca)
 - public static final 'GL_INT_SAMPLER_3D' 'I' @220  36299 (8dcb)
 - public static final 'GL_INT_SAMPLER_CUBE' 'I' @224  36300 (8dcc)
 - public static final 'GL_INT_SAMPLER_1D_ARRAY' 'I' @228  36302 (8dce)
 - public static final 'GL_INT_SAMPLER_2D_ARRAY' 'I' @232  36303 (8dcf)
 - public static final 'GL_UNSIGNED_INT_SAMPLER_1D' 'I' @236  36305 (8dd1)
 - public static final 'GL_UNSIGNED_INT_SAMPLER_2D' 'I' @240  36306 (8dd2)
 - public static final 'GL_UNSIGNED_INT_SAMPLER_3D' 'I' @244  36307 (8dd3)
 - public static final 'GL_UNSIGNED_INT_SAMPLER_CUBE' 'I' @248  36308 (8dd4)
 - public static final 'GL_UNSIGNED_INT_SAMPLER_1D_ARRAY' 'I' @252  36310 (8dd6)
 - public static final 'GL_UNSIGNED_INT_SAMPLER_2D_ARRAY' 'I' @256  36311 (8dd7)
 - public static final 'GL_MIN_PROGRAM_TEXEL_OFFSET' 'I' @260  35076 (8904)
 - public static final 'GL_MAX_PROGRAM_TEXEL_OFFSET' 'I' @264  35077 (8905)
 - public static final 'GL_QUERY_WAIT' 'I' @268  36371 (8e13)
 - public static final 'GL_QUERY_NO_WAIT' 'I' @272  36372 (8e14)
 - public static final 'GL_QUERY_BY_REGION_WAIT' 'I' @276  36373 (8e15)
 - public static final 'GL_QUERY_BY_REGION_NO_WAIT' 'I' @280  36374 (8e16)
 - public static final 'GL_MAP_READ_BIT' 'I' @284  1
 - public static final 'GL_MAP_WRITE_BIT' 'I' @288  2
 - public static final 'GL_MAP_INVALIDATE_RANGE_BIT' 'I' @292  4
 - public static final 'GL_MAP_INVALIDATE_BUFFER_BIT' 'I' @296  8
 - public static final 'GL_MAP_FLUSH_EXPLICIT_BIT' 'I' @300  16 (10)
 - public static final 'GL_MAP_UNSYNCHRONIZED_BIT' 'I' @304  32 (20)
 - public static final 'GL_BUFFER_ACCESS_FLAGS' 'I' @308  37151 (911f)
 - public static final 'GL_BUFFER_MAP_LENGTH' 'I' @312  37152 (9120)
 - public static final 'GL_BUFFER_MAP_OFFSET' 'I' @316  37153 (9121)
 - public static final 'GL_CLAMP_READ_COLOR' 'I' @320  35100 (891c)
 - public static final 'GL_FIXED_ONLY' 'I' @324  35101 (891d)
 - public static final 'GL_DEPTH_COMPONENT32F' 'I' @328  36012 (8cac)
 - public static final 'GL_DEPTH32F_STENCIL8' 'I' @332  36013 (8cad)
 - public static final 'GL_FLOAT_32_UNSIGNED_INT_24_8_REV' 'I' @336  36269 (8dad)
 - public static final 'GL_TEXTURE_RED_TYPE' 'I' @340  35856 (8c10)
 - public static final 'GL_TEXTURE_GREEN_TYPE' 'I' @344  35857 (8c11)
 - public static final 'GL_TEXTURE_BLUE_TYPE' 'I' @348  35858 (8c12)
 - public static final 'GL_TEXTURE_ALPHA_TYPE' 'I' @352  35859 (8c13)
 - public static final 'GL_TEXTURE_DEPTH_TYPE' 'I' @356  35862 (8c16)
 - public static final 'GL_UNSIGNED_NORMALIZED' 'I' @360  35863 (8c17)
 - public static final 'GL_RGBA32F' 'I' @364  34836 (8814)
 - public static final 'GL_RGB32F' 'I' @368  34837 (8815)
 - public static final 'GL_RGBA16F' 'I' @372  34842 (881a)
 - public static final 'GL_RGB16F' 'I' @376  34843 (881b)
 - public static final 'GL_R11F_G11F_B10F' 'I' @380  35898 (8c3a)
 - public static final 'GL_UNSIGNED_INT_10F_11F_11F_REV' 'I' @384  35899 (8c3b)
 - public static final 'GL_RGB9_E5' 'I' @388  35901 (8c3d)
 - public static final 'GL_UNSIGNED_INT_5_9_9_9_REV' 'I' @392  35902 (8c3e)
 - public static final 'GL_TEXTURE_SHARED_SIZE' 'I' @396  35903 (8c3f)
 - public static final 'GL_FRAMEBUFFER' 'I' @400  36160 (8d40)
 - public static final 'GL_READ_FRAMEBUFFER' 'I' @404  36008 (8ca8)
 - public static final 'GL_DRAW_FRAMEBUFFER' 'I' @408  36009 (8ca9)
 - public static final 'GL_RENDERBUFFER' 'I' @412  36161 (8d41)
 - public static final 'GL_STENCIL_INDEX1' 'I' @416  36166 (8d46)
 - public static final 'GL_STENCIL_INDEX4' 'I' @420  36167 (8d47)
 - public static final 'GL_STENCIL_INDEX8' 'I' @424  36168 (8d48)
 - public static final 'GL_STENCIL_INDEX16' 'I' @428  36169 (8d49)
 - public static final 'GL_RENDERBUFFER_WIDTH' 'I' @432  36162 (8d42)
 - public static final 'GL_RENDERBUFFER_HEIGHT' 'I' @436  36163 (8d43)
 - public static final 'GL_RENDERBUFFER_INTERNAL_FORMAT' 'I' @440  36164 (8d44)
 - public static final 'GL_RENDERBUFFER_RED_SIZE' 'I' @444  36176 (8d50)
 - public static final 'GL_RENDERBUFFER_GREEN_SIZE' 'I' @448  36177 (8d51)
 - public static final 'GL_RENDERBUFFER_BLUE_SIZE' 'I' @452  36178 (8d52)
 - public static final 'GL_RENDERBUFFER_ALPHA_SIZE' 'I' @456  36179 (8d53)
 - public static final 'GL_RENDERBUFFER_DEPTH_SIZE' 'I' @460  36180 (8d54)
 - public static final 'GL_RENDERBUFFER_STENCIL_SIZE' 'I' @464  36181 (8d55)
 - public static final 'GL_RENDERBUFFER_SAMPLES' 'I' @468  36011 (8cab)
 - public static final 'GL_FRAMEBUFFER_ATTACHMENT_OBJECT_TYPE' 'I' @472  36048 (8cd0)
 - public static final 'GL_FRAMEBUFFER_ATTACHMENT_OBJECT_NAME' 'I' @476  36049 (8cd1)
 - public static final 'GL_FRAMEBUFFER_ATTACHMENT_TEXTURE_LEVEL' 'I' @480  36050 (8cd2)
 - public static final 'GL_FRAMEBUFFER_ATTACHMENT_TEXTURE_CUBE_MAP_FACE' 'I' @484  36051 (8cd3)
 - public static final 'GL_FRAMEBUFFER_ATTACHMENT_TEXTURE_LAYER' 'I' @488  36052 (8cd4)
 - public static final 'GL_FRAMEBUFFER_ATTACHMENT_COLOR_ENCODING' 'I' @492  33296 (8210)
 - public static final 'GL_FRAMEBUFFER_ATTACHMENT_COMPONENT_TYPE' 'I' @496  33297 (8211)
 - public static final 'GL_FRAMEBUFFER_ATTACHMENT_RED_SIZE' 'I' @500  33298 (8212)
 - public static final 'GL_FRAMEBUFFER_ATTACHMENT_GREEN_SIZE' 'I' @504  33299 (8213)
 - public static final 'GL_FRAMEBUFFER_ATTACHMENT_BLUE_SIZE' 'I' @508  33300 (8214)
 - public static final 'GL_FRAMEBUFFER_ATTACHMENT_ALPHA_SIZE' 'I' @512  33301 (8215)
 - public static final 'GL_FRAMEBUFFER_ATTACHMENT_DEPTH_SIZE' 'I' @516  33302 (8216)
 - public static final 'GL_FRAMEBUFFER_ATTACHMENT_STENCIL_SIZE' 'I' @520  33303 (8217)
 - public static final 'GL_FRAMEBUFFER_DEFAULT' 'I' @524  33304 (8218)
 - public static final 'GL_COLOR_ATTACHMENT0' 'I' @528  36064 (8ce0)
 - public static final 'GL_COLOR_ATTACHMENT1' 'I' @532  36065 (8ce1)
 - public static final 'GL_COLOR_ATTACHMENT2' 'I' @536  36066 (8ce2)
 - public static final 'GL_COLOR_ATTACHMENT3' 'I' @540  36067 (8ce3)
 - public static final 'GL_COLOR_ATTACHMENT4' 'I' @544  36068 (8ce4)
 - public static final 'GL_COLOR_ATTACHMENT5' 'I' @548  36069 (8ce5)
 - public static final 'GL_COLOR_ATTACHMENT6' 'I' @552  36070 (8ce6)
 - public static final 'GL_COLOR_ATTACHMENT7' 'I' @556  36071 (8ce7)
 - public static final 'GL_COLOR_ATTACHMENT8' 'I' @560  36072 (8ce8)
 - public static final 'GL_COLOR_ATTACHMENT9' 'I' @564  36073 (8ce9)
 - public static final 'GL_COLOR_ATTACHMENT10' 'I' @568  36074 (8cea)
 - public static final 'GL_COLOR_ATTACHMENT11' 'I' @572  36075 (8ceb)
 - public static final 'GL_COLOR_ATTACHMENT12' 'I' @576  36076 (8cec)
 - public static final 'GL_COLOR_ATTACHMENT13' 'I' @580  36077 (8ced)
 - public static final 'GL_COLOR_ATTACHMENT14' 'I' @584  36078 (8cee)
 - public static final 'GL_COLOR_ATTACHMENT15' 'I' @588  36079 (8cef)
 - public static final 'GL_COLOR_ATTACHMENT16' 'I' @592  36080 (8cf0)
 - public static final 'GL_COLOR_ATTACHMENT17' 'I' @596  36081 (8cf1)
 - public static final 'GL_COLOR_ATTACHMENT18' 'I' @600  36082 (8cf2)
 - public static final 'GL_COLOR_ATTACHMENT19' 'I' @604  36083 (8cf3)
 - public static final 'GL_COLOR_ATTACHMENT20' 'I' @608  36084 (8cf4)
 - public static final 'GL_COLOR_ATTACHMENT21' 'I' @612  36085 (8cf5)
 - public static final 'GL_COLOR_ATTACHMENT22' 'I' @616  36086 (8cf6)
 - public static final 'GL_COLOR_ATTACHMENT23' 'I' @620  36087 (8cf7)
 - public static final 'GL_COLOR_ATTACHMENT24' 'I' @624  36088 (8cf8)
 - public static final 'GL_COLOR_ATTACHMENT25' 'I' @628  36089 (8cf9)
 - public static final 'GL_COLOR_ATTACHMENT26' 'I' @632  36090 (8cfa)
 - public static final 'GL_COLOR_ATTACHMENT27' 'I' @636  36091 (8cfb)
 - public static final 'GL_COLOR_ATTACHMENT28' 'I' @640  36092 (8cfc)
 - public static final 'GL_COLOR_ATTACHMENT29' 'I' @644  36093 (8cfd)
 - public static final 'GL_COLOR_ATTACHMENT30' 'I' @648  36094 (8cfe)
 - public static final 'GL_COLOR_ATTACHMENT31' 'I' @652  36095 (8cff)
 - public static final 'GL_DEPTH_ATTACHMENT' 'I' @656  36096 (8d00)
 - public static final 'GL_STENCIL_ATTACHMENT' 'I' @660  36128 (8d20)
 - public static final 'GL_DEPTH_STENCIL_ATTACHMENT' 'I' @664  33306 (821a)
 - public static final 'GL_MAX_SAMPLES' 'I' @668  36183 (8d57)
 - public static final 'GL_FRAMEBUFFER_COMPLETE' 'I' @672  36053 (8cd5)
 - public static final 'GL_FRAMEBUFFER_INCOMPLETE_ATTACHMENT' 'I' @676  36054 (8cd6)
 - public static final 'GL_FRAMEBUFFER_INCOMPLETE_MISSING_ATTACHMENT' 'I' @680  36055 (8cd7)
 - public static final 'GL_FRAMEBUFFER_INCOMPLETE_DRAW_BUFFER' 'I' @684  36059 (8cdb)
 - public static final 'GL_FRAMEBUFFER_INCOMPLETE_READ_BUFFER' 'I' @688  36060 (8cdc)
 - public static final 'GL_FRAMEBUFFER_UNSUPPORTED' 'I' @692  36061 (8cdd)
 - public static final 'GL_FRAMEBUFFER_INCOMPLETE_MULTISAMPLE' 'I' @696  36182 (8d56)
 - public static final 'GL_FRAMEBUFFER_UNDEFINED' 'I' @700  33305 (8219)
 - public static final 'GL_FRAMEBUFFER_BINDING' 'I' @704  36006 (8ca6)
 - public static final 'GL_DRAW_FRAMEBUFFER_BINDING' 'I' @708  36006 (8ca6)
 - public static final 'GL_READ_FRAMEBUFFER_BINDING' 'I' @712  36010 (8caa)
 - public static final 'GL_RENDERBUFFER_BINDING' 'I' @716  36007 (8ca7)
 - public static final 'GL_MAX_COLOR_ATTACHMENTS' 'I' @720  36063 (8cdf)
 - public static final 'GL_MAX_RENDERBUFFER_SIZE' 'I' @724  34024 (84e8)
 - public static final 'GL_INVALID_FRAMEBUFFER_OPERATION' 'I' @728  1286 (506)
 - public static final 'GL_DEPTH_STENCIL' 'I' @732  34041 (84f9)
 - public static final 'GL_UNSIGNED_INT_24_8' 'I' @736  34042 (84fa)
 - public static final 'GL_DEPTH24_STENCIL8' 'I' @740  35056 (88f0)
 - public static final 'GL_TEXTURE_STENCIL_SIZE' 'I' @744  35057 (88f1)
 - public static final 'GL_HALF_FLOAT' 'I' @748  5131 (140b)
 - public static final 'GL_RGBA32UI' 'I' @752  36208 (8d70)
 - public static final 'GL_RGB32UI' 'I' @756  36209 (8d71)
 - public static final 'GL_RGBA16UI' 'I' @760  36214 (8d76)
 - public static final 'GL_RGB16UI' 'I' @764  36215 (8d77)
 - public static final 'GL_RGBA8UI' 'I' @768  36220 (8d7c)
 - public static final 'GL_RGB8UI' 'I' @772  36221 (8d7d)
 - public static final 'GL_RGBA32I' 'I' @776  36226 (8d82)
 - public static final 'GL_RGB32I' 'I' @780  36227 (8d83)
 - public static final 'GL_RGBA16I' 'I' @784  36232 (8d88)
 - public static final 'GL_RGB16I' 'I' @788  36233 (8d89)
 - public static final 'GL_RGBA8I' 'I' @792  36238 (8d8e)
 - public static final 'GL_RGB8I' 'I' @796  36239 (8d8f)
 - public static final 'GL_RED_INTEGER' 'I' @800  36244 (8d94)
 - public static final 'GL_GREEN_INTEGER' 'I' @804  36245 (8d95)
 - public static final 'GL_BLUE_INTEGER' 'I' @808  36246 (8d96)
 - public static final 'GL_RGB_INTEGER' 'I' @812  36248 (8d98)
 - public static final 'GL_RGBA_INTEGER' 'I' @816  36249 (8d99)
 - public static final 'GL_BGR_INTEGER' 'I' @820  36250 (8d9a)
 - public static final 'GL_BGRA_INTEGER' 'I' @824  36251 (8d9b)
 - public static final 'GL_TEXTURE_1D_ARRAY' 'I' @828  35864 (8c18)
 - public static final 'GL_TEXTURE_2D_ARRAY' 'I' @832  35866 (8c1a)
 - public static final 'GL_PROXY_TEXTURE_2D_ARRAY' 'I' @836  35867 (8c1b)
 - public static final 'GL_PROXY_TEXTURE_1D_ARRAY' 'I' @840  35865 (8c19)
 - public static final 'GL_TEXTURE_BINDING_1D_ARRAY' 'I' @844  35868 (8c1c)
 - public static final 'GL_TEXTURE_BINDING_2D_ARRAY' 'I' @848  35869 (8c1d)
 - public static final 'GL_MAX_ARRAY_TEXTURE_LAYERS' 'I' @852  35071 (88ff)
 - public static final 'GL_COMPRESSED_RED_RGTC1' 'I' @856  36283 (8dbb)
 - public static final 'GL_COMPRESSED_SIGNED_RED_RGTC1' 'I' @860  36284 (8dbc)
 - public static final 'GL_COMPRESSED_RG_RGTC2' 'I' @864  36285 (8dbd)
 - public static final 'GL_COMPRESSED_SIGNED_RG_RGTC2' 'I' @868  36286 (8dbe)
 - public static final 'GL_R8' 'I' @872  33321 (8229)
 - public static final 'GL_R16' 'I' @876  33322 (822a)
 - public static final 'GL_RG8' 'I' @880  33323 (822b)
 - public static final 'GL_RG16' 'I' @884  33324 (822c)
 - public static final 'GL_R16F' 'I' @888  33325 (822d)
 - public static final 'GL_R32F' 'I' @892  33326 (822e)
 - public static final 'GL_RG16F' 'I' @896  33327 (822f)
 - public static final 'GL_RG32F' 'I' @900  33328 (8230)
 - public static final 'GL_R8I' 'I' @904  33329 (8231)
 - public static final 'GL_R8UI' 'I' @908  33330 (8232)
 - public static final 'GL_R16I' 'I' @912  33331 (8233)
 - public static final 'GL_R16UI' 'I' @916  33332 (8234)
 - public static final 'GL_R32I' 'I' @920  33333 (8235)
 - public static final 'GL_R32UI' 'I' @924  33334 (8236)
 - public static final 'GL_RG8I' 'I' @928  33335 (8237)
 - public static final 'GL_RG8UI' 'I' @932  33336 (8238)
 - public static final 'GL_RG16I' 'I' @936  33337 (8239)
 - public static final 'GL_RG16UI' 'I' @940  33338 (823a)
 - public static final 'GL_RG32I' 'I' @944  33339 (823b)
 - public static final 'GL_RG32UI' 'I' @948  33340 (823c)
 - public static final 'GL_RG' 'I' @952  33319 (8227)
 - public static final 'GL_COMPRESSED_RED' 'I' @956  33317 (8225)
 - public static final 'GL_COMPRESSED_RG' 'I' @960  33318 (8226)
 - public static final 'GL_RG_INTEGER' 'I' @964  33320 (8228)
 - public static final 'GL_TRANSFORM_FEEDBACK_BUFFER' 'I' @968  35982 (8c8e)
 - public static final 'GL_TRANSFORM_FEEDBACK_BUFFER_START' 'I' @972  35972 (8c84)
 - public static final 'GL_TRANSFORM_FEEDBACK_BUFFER_SIZE' 'I' @976  35973 (8c85)
 - public static final 'GL_TRANSFORM_FEEDBACK_BUFFER_BINDING' 'I' @980  35983 (8c8f)
 - public static final 'GL_INTERLEAVED_ATTRIBS' 'I' @984  35980 (8c8c)
 - public static final 'GL_SEPARATE_ATTRIBS' 'I' @988  35981 (8c8d)
 - public static final 'GL_PRIMITIVES_GENERATED' 'I' @992  35975 (8c87)
 - public static final 'GL_TRANSFORM_FEEDBACK_PRIMITIVES_WRITTEN' 'I' @996  35976 (8c88)
 - public static final 'GL_RASTERIZER_DISCARD' 'I' @1000  35977 (8c89)
 - public static final 'GL_MAX_TRANSFORM_FEEDBACK_INTERLEAVED_COMPONENTS' 'I' @1004  35978 (8c8a)
 - public static final 'GL_MAX_TRANSFORM_FEEDBACK_SEPARATE_ATTRIBS' 'I' @1008  35979 (8c8b)
 - public static final 'GL_MAX_TRANSFORM_FEEDBACK_SEPARATE_COMPONENTS' 'I' @1012  35968 (8c80)
 - public static final 'GL_TRANSFORM_FEEDBACK_VARYINGS' 'I' @1016  35971 (8c83)
 - public static final 'GL_TRANSFORM_FEEDBACK_BUFFER_MODE' 'I' @1020  35967 (8c7f)
 - public static final 'GL_TRANSFORM_FEEDBACK_VARYING_MAX_LENGTH' 'I' @1024  35958 (8c76)
 - public static final 'GL_VERTEX_ARRAY_BINDING' 'I' @1028  34229 (85b5)
 - public static final 'GL_FRAMEBUFFER_SRGB' 'I' @1032  36281 (8db9)
R12=0x0 is NULL
R13={method} {0x00000236a4691100} 'nglGenVertexArrays' '(IJ)V' in 'org/lwjgl/opengl/GL30C'
R14=0x0000009f727ff4d0 is pointing into the stack for thread: 0x00000236fe8c8810
R15=0x00000236fe8c8810 is a thread


Registers:
RAX=0x00000236a2c08020, RBX=0x00000236a46910f8, RCX=0x0000000000000001, RDX=0x00000236a31501b4
RSP=0x0000009f727ff418, RBP=0x0000009f727ff4a0, RSI=0x00000236a44c75e8, RDI=0x000002368ef695cd
R8 =0x0000000000000001, R9 =0x00000236a31501b4, R10=0x0000000000000000, R11=0x00000007143e4d18
R12=0x0000000000000000, R13=0x00000236a46910f8, R14=0x0000009f727ff4d0, R15=0x00000236fe8c8810
RIP=0x00007ffb91b3fbdd, EFLAGS=0x0000000000010202

Top of Stack: (sp=0x0000009f727ff418)
0x0000009f727ff418:   000002368ef6d621 000002368ef695cd
0x0000009f727ff428:   000002368ef6d352 00000236a46910f8
0x0000009f727ff438:   00000236a44c75e8 0000009f727ff4b8
0x0000009f727ff448:   000002368ef695cd 000002368ef6d2f6
0x0000009f727ff458:   0000009f727ff458 00000236a46910f8
0x0000009f727ff468:   0000009f727ff4d0 00000236a46c47e0
0x0000009f727ff478:   0000000000000000 00000007143e4d18
0x0000009f727ff488:   00000236a46910f8 0000000000000000
0x0000009f727ff498:   0000009f727ff4c0 0000009f727ff520
0x0000009f727ff4a8:   000002368ef694fe 00000007143e4d18
0x0000009f727ff4b8:   000002368ef6af78 00000236a31501b4
0x0000009f727ff4c8:   0000000000000000 0000000000000001
0x0000009f727ff4d8:   0000009f727ff4d8 00000236a469126c
0x0000009f727ff4e8:   0000009f727ff550 00000236a46c47e0
0x0000009f727ff4f8:   0000000000000000 00000007143e4d18
0x0000009f727ff508:   00000236a46912d8 0000009f727ff4c0 

Instructions: (pc=0x00007ffb91b3fbdd)
0x00007ffb91b3fadd:   98 13 00 00 cc cc cc cc cc cc cc cc cc cc cc cc
0x00007ffb91b3faed:   cc cc cc 48 8b 01 48 8b 48 18 48 ff a1 a0 13 00
0x00007ffb91b3fafd:   00 cc cc 40 53 48 8b 01 41 8b d8 4c 8b 44 24 30
0x00007ffb91b3fb0d:   41 8b d1 44 8b 4c 24 38 8b cb 4c 8b 50 18 5b 49
0x00007ffb91b3fb1d:   ff a2 a8 13 00 00 cc cc cc cc cc cc cc cc cc cc
0x00007ffb91b3fb2d:   cc cc cc 40 53 48 83 ec 40 48 8b 01 41 8b d8 44
0x00007ffb91b3fb3d:   8b 44 24 70 41 8b d1 4c 8b 4c 24 78 8b cb 4c 8b
0x00007ffb91b3fb4d:   50 18 48 8b 84 24 90 00 00 00 48 89 44 24 30 48
0x00007ffb91b3fb5d:   8b 84 24 88 00 00 00 48 89 44 24 28 48 8b 84 24
0x00007ffb91b3fb6d:   80 00 00 00 48 89 44 24 20 41 ff 92 b0 13 00 00
0x00007ffb91b3fb7d:   48 83 c4 40 5b c3 cc cc cc cc cc cc cc cc cc cc
0x00007ffb91b3fb8d:   cc cc cc 48 8b 01 41 8b c8 48 8b 50 18 48 ff a2
0x00007ffb91b3fb9d:   b8 13 00 00 cc cc cc cc cc cc cc cc cc cc cc cc
0x00007ffb91b3fbad:   cc cc cc 48 8b 01 49 8b d1 41 8b c8 4c 8b 50 18
0x00007ffb91b3fbbd:   49 ff a2 c0 13 00 00 cc cc cc cc cc cc cc cc cc
0x00007ffb91b3fbcd:   cc cc cc 48 8b 01 49 8b d1 41 8b c8 4c 8b 50 18
0x00007ffb91b3fbdd:   49 ff a2 c8 13 00 00 cc cc cc cc cc cc cc cc cc
0x00007ffb91b3fbed:   cc cc cc 48 8b 01 48 8b 48 18 48 8b 81 d0 13 00
0x00007ffb91b3fbfd:   00 41 8b c8 48 ff e0 cc cc cc cc cc cc cc cc cc
0x00007ffb91b3fc0d:   cc cc cc 40 53 48 8b 01 41 8b d8 44 8b 44 24 30
0x00007ffb91b3fc1d:   41 8b d1 44 8b 4c 24 38 8b cb 4c 8b 50 18 5b 49
0x00007ffb91b3fc2d:   ff a2 d8 13 00 00 cc cc cc cc cc cc cc cc cc cc
0x00007ffb91b3fc3d:   cc cc cc 40 53 48 8b 01 41 8b d8 44 8b 44 24 30
0x00007ffb91b3fc4d:   41 8b d1 4c 8b 4c 24 38 8b cb 4c 8b 50 18 8b 44
0x00007ffb91b3fc5d:   24 40 89 44 24 30 5b 49 ff a2 e0 13 00 00 cc cc
0x00007ffb91b3fc6d:   cc cc cc 40 53 48 8b 01 41 8b d8 4c 8b 44 24 30
0x00007ffb91b3fc7d:   41 8b d1 4c 8b 4c 24 38 8b cb 4c 8b 50 18 48 8b
0x00007ffb91b3fc8d:   44 24 40 48 89 44 24 30 5b 49 ff a2 e8 13 00 00
0x00007ffb91b3fc9d:   cc cc cc 48 8b 01 41 8b c8 48 8b 50 18 48 ff a2
0x00007ffb91b3fcad:   f0 13 00 00 cc cc cc cc cc cc cc cc cc cc cc cc
0x00007ffb91b3fcbd:   cc cc cc 48 8b 01 45 8b d8 44 8b 44 24 28 41 8b
0x00007ffb91b3fccd:   d1 41 8b cb 4c 8b 50 18 49 ff a2 f8 13 00 00 cc 


Stack slot to memory mapping:
stack at sp + 0 slots: 0x000002368ef6d621 is at code_begin+993 in an Interpreter codelet
method entry point (kind = native)  [0x000002368ef6d240, 0x000002368ef6dbc0]  2432 bytes
stack at sp + 1 slots: 0x000002368ef695cd is at code_begin+1325 in an Interpreter codelet
return entry points  [0x000002368ef690a0, 0x000002368ef69ba0]  2816 bytes
stack at sp + 2 slots: 0x000002368ef6d352 is at code_begin+274 in an Interpreter codelet
method entry point (kind = native)  [0x000002368ef6d240, 0x000002368ef6dbc0]  2432 bytes
stack at sp + 3 slots: {method} {0x00000236a4691100} 'nglGenVertexArrays' '(IJ)V' in 'org/lwjgl/opengl/GL30C'
stack at sp + 4 slots: 0x00000236a44c75e8 is pointing into metadata
stack at sp + 5 slots: 0x0000009f727ff4b8 is pointing into the stack for thread: 0x00000236fe8c8810
stack at sp + 6 slots: 0x000002368ef695cd is at code_begin+1325 in an Interpreter codelet
return entry points  [0x000002368ef690a0, 0x000002368ef69ba0]  2816 bytes
stack at sp + 7 slots: 0x000002368ef6d2f6 is at code_begin+182 in an Interpreter codelet
method entry point (kind = native)  [0x000002368ef6d240, 0x000002368ef6dbc0]  2432 bytes


---------------  P R O C E S S  ---------------

Threads class SMR info:
_java_thread_list=0x00000236a363fd80, length=14, elements={
0x00000236fe8c8810, 0x00000236a16f4540, 0x00000236a16f5890, 0x00000236a1708480,
0x00000236a170ee50, 0x00000236a170f800, 0x00000236a17101b0, 0x00000236a1710f40,
0x00000236a17189b0, 0x00000236a171f3e0, 0x00000236a118dd80, 0x00000236a1a700d0,
0x00000236a1a705a0, 0x00000236a2ac5470
}

Java Threads: ( => current thread )
=>0x00000236fe8c8810 JavaThread "main" [_thread_in_native, id=5448, stack(0x0000009f72700000,0x0000009f72800000)]
  0x00000236a16f4540 JavaThread "Reference Handler" daemon [_thread_blocked, id=5572, stack(0x0000009f72e00000,0x0000009f72f00000)]
  0x00000236a16f5890 JavaThread "Finalizer" daemon [_thread_blocked, id=10584, stack(0x0000009f72f00000,0x0000009f73000000)]
  0x00000236a1708480 JavaThread "Signal Dispatcher" daemon [_thread_blocked, id=3172, stack(0x0000009f73000000,0x0000009f73100000)]
  0x00000236a170ee50 JavaThread "Attach Listener" daemon [_thread_blocked, id=10224, stack(0x0000009f73100000,0x0000009f73200000)]
  0x00000236a170f800 JavaThread "Service Thread" daemon [_thread_blocked, id=22428, stack(0x0000009f73200000,0x0000009f73300000)]
  0x00000236a17101b0 JavaThread "Monitor Deflation Thread" daemon [_thread_blocked, id=12972, stack(0x0000009f73300000,0x0000009f73400000)]
  0x00000236a1710f40 JavaThread "C2 CompilerThread0" daemon [_thread_blocked, id=16684, stack(0x0000009f73400000,0x0000009f73500000)]
  0x00000236a17189b0 JavaThread "C1 CompilerThread0" daemon [_thread_blocked, id=18064, stack(0x0000009f73500000,0x0000009f73600000)]
  0x00000236a171f3e0 JavaThread "Sweeper thread" daemon [_thread_blocked, id=14056, stack(0x0000009f73600000,0x0000009f73700000)]
  0x00000236a118dd80 JavaThread "Common-Cleaner" daemon [_thread_blocked, id=6184, stack(0x0000009f73700000,0x0000009f73800000)]
  0x00000236a1a700d0 JavaThread "Monitor Ctrl-Break" daemon [_thread_in_native, id=12316, stack(0x0000009f73900000,0x0000009f73a00000)]
  0x00000236a1a705a0 JavaThread "Notification Thread" daemon [_thread_blocked, id=21212, stack(0x0000009f73a00000,0x0000009f73b00000)]
  0x00000236a2ac5470 JavaThread "Log4j2-TF-2-Scheduled-1" daemon [_thread_blocked, id=11004, stack(0x0000009f74200000,0x0000009f74300000)]

Other Threads:
  0x00000236a16f8ab0 VMThread "VM Thread" [stack: 0x0000009f72d00000,0x0000009f72e00000] [id=9144]
  0x00000236fe8c9680 WatcherThread [stack: 0x0000009f73b00000,0x0000009f73c00000] [id=12936]
  0x00000236fe932580 GCTaskThread "GC Thread#0" [stack: 0x0000009f72800000,0x0000009f72900000] [id=10032]
  0x00000236a28fd080 GCTaskThread "GC Thread#1" [stack: 0x0000009f73c00000,0x0000009f73d00000] [id=21408]
  0x00000236a28fd330 GCTaskThread "GC Thread#2" [stack: 0x0000009f73d00000,0x0000009f73e00000] [id=6272]
  0x00000236a28fd5e0 GCTaskThread "GC Thread#3" [stack: 0x0000009f73e00000,0x0000009f73f00000] [id=15396]
  0x00000236a29a6d10 GCTaskThread "GC Thread#4" [stack: 0x0000009f73f00000,0x0000009f74000000] [id=10316]
  0x00000236a29a6fc0 GCTaskThread "GC Thread#5" [stack: 0x0000009f74000000,0x0000009f74100000] [id=19564]
  0x00000236a295a220 GCTaskThread "GC Thread#6" [stack: 0x0000009f74100000,0x0000009f74200000] [id=12456]
  0x00000236fe981010 ConcurrentGCThread "G1 Main Marker" [stack: 0x0000009f72900000,0x0000009f72a00000] [id=13900]
  0x00000236fe9828d0 ConcurrentGCThread "G1 Conc#0" [stack: 0x0000009f72a00000,0x0000009f72b00000] [id=4584]
  0x00000236a10584b0 ConcurrentGCThread "G1 Refine#0" [stack: 0x0000009f72b00000,0x0000009f72c00000] [id=4404]
  0x00000236a1059c90 ConcurrentGCThread "G1 Service" [stack: 0x0000009f72c00000,0x0000009f72d00000] [id=21520]

Threads with active compile tasks:

VM state: not at safepoint (normal execution)

VM Mutex/Monitor currently owned by a thread: None

Heap address: 0x0000000705000000, size: 4016 MB, Compressed Oops mode: Zero based, Oop shift amount: 3

CDS archive(s) mapped at: [0x0000000800000000-0x0000000800bc0000-0x0000000800bc0000), size 12320768, SharedBaseAddress: 0x0000000800000000, ArchiveRelocationMode: 0.
Compressed class space mapped at: 0x0000000800c00000-0x0000000840c00000, reserved size: 1073741824
Narrow klass base: 0x0000000800000000, Narrow klass shift: 0, Narrow klass range: 0x100000000

GC Precious Log:
 CPUs: 8 total, 8 available
 Memory: 16061M
 Large Page Support: Disabled
 NUMA Support: Disabled
 Compressed Oops: Enabled (Zero based)
 Heap Region Size: 2M
 Heap Min Capacity: 8M
 Heap Initial Capacity: 252M
 Heap Max Capacity: 4016M
 Pre-touch: Disabled
 Parallel Workers: 8
 Concurrent Workers: 2
 Concurrent Refinement Workers: 8
 Periodic GC: Disabled

Heap:
 garbage-first heap   total 258048K, used 13673K [0x0000000705000000, 0x0000000800000000)
  region size 2048K, 8 young (16384K), 2 survivors (4096K)
 Metaspace       used 12193K, committed 12416K, reserved 1064960K
  class space    used 1281K, committed 1408K, reserved 1048576K

Heap Regions: E=young(eden), S=young(survivor), O=old, HS=humongous(starts), HC=humongous(continues), CS=collection set, F=free, OA=open archive, CA=closed archive, TAMS=top-at-mark-start (previous, next)
|   0|0x0000000705000000, 0x0000000705000000, 0x0000000705200000|  0%| F|  |TAMS 0x0000000705000000, 0x0000000705000000| Untracked 
|   1|0x0000000705200000, 0x0000000705200000, 0x0000000705400000|  0%| F|  |TAMS 0x0000000705200000, 0x0000000705200000| Untracked 
|   2|0x0000000705400000, 0x0000000705400000, 0x0000000705600000|  0%| F|  |TAMS 0x0000000705400000, 0x0000000705400000| Untracked 
|   3|0x0000000705600000, 0x0000000705600000, 0x0000000705800000|  0%| F|  |TAMS 0x0000000705600000, 0x0000000705600000| Untracked 
|   4|0x0000000705800000, 0x0000000705800000, 0x0000000705a00000|  0%| F|  |TAMS 0x0000000705800000, 0x0000000705800000| Untracked 
|   5|0x0000000705a00000, 0x0000000705a00000, 0x0000000705c00000|  0%| F|  |TAMS 0x0000000705a00000, 0x0000000705a00000| Untracked 
|   6|0x0000000705c00000, 0x0000000705c00000, 0x0000000705e00000|  0%| F|  |TAMS 0x0000000705c00000, 0x0000000705c00000| Untracked 
|   7|0x0000000705e00000, 0x0000000705e00000, 0x0000000706000000|  0%| F|  |TAMS 0x0000000705e00000, 0x0000000705e00000| Untracked 
|   8|0x0000000706000000, 0x0000000706000000, 0x0000000706200000|  0%| F|  |TAMS 0x0000000706000000, 0x0000000706000000| Untracked 
|   9|0x0000000706200000, 0x0000000706200000, 0x0000000706400000|  0%| F|  |TAMS 0x0000000706200000, 0x0000000706200000| Untracked 
|  10|0x0000000706400000, 0x0000000706400000, 0x0000000706600000|  0%| F|  |TAMS 0x0000000706400000, 0x0000000706400000| Untracked 
|  11|0x0000000706600000, 0x0000000706600000, 0x0000000706800000|  0%| F|  |TAMS 0x0000000706600000, 0x0000000706600000| Untracked 
|  12|0x0000000706800000, 0x0000000706800000, 0x0000000706a00000|  0%| F|  |TAMS 0x0000000706800000, 0x0000000706800000| Untracked 
|  13|0x0000000706a00000, 0x0000000706a00000, 0x0000000706c00000|  0%| F|  |TAMS 0x0000000706a00000, 0x0000000706a00000| Untracked 
|  14|0x0000000706c00000, 0x0000000706c00000, 0x0000000706e00000|  0%| F|  |TAMS 0x0000000706c00000, 0x0000000706c00000| Untracked 
|  15|0x0000000706e00000, 0x0000000706e00000, 0x0000000707000000|  0%| F|  |TAMS 0x0000000706e00000, 0x0000000706e00000| Untracked 
|  16|0x0000000707000000, 0x0000000707000000, 0x0000000707200000|  0%| F|  |TAMS 0x0000000707000000, 0x0000000707000000| Untracked 
|  17|0x0000000707200000, 0x0000000707200000, 0x0000000707400000|  0%| F|  |TAMS 0x0000000707200000, 0x0000000707200000| Untracked 
|  18|0x0000000707400000, 0x0000000707400000, 0x0000000707600000|  0%| F|  |TAMS 0x0000000707400000, 0x0000000707400000| Untracked 
|  19|0x0000000707600000, 0x0000000707600000, 0x0000000707800000|  0%| F|  |TAMS 0x0000000707600000, 0x0000000707600000| Untracked 
|  20|0x0000000707800000, 0x0000000707800000, 0x0000000707a00000|  0%| F|  |TAMS 0x0000000707800000, 0x0000000707800000| Untracked 
|  21|0x0000000707a00000, 0x0000000707a00000, 0x0000000707c00000|  0%| F|  |TAMS 0x0000000707a00000, 0x0000000707a00000| Untracked 
|  22|0x0000000707c00000, 0x0000000707c00000, 0x0000000707e00000|  0%| F|  |TAMS 0x0000000707c00000, 0x0000000707c00000| Untracked 
|  23|0x0000000707e00000, 0x0000000707e00000, 0x0000000708000000|  0%| F|  |TAMS 0x0000000707e00000, 0x0000000707e00000| Untracked 
|  24|0x0000000708000000, 0x0000000708000000, 0x0000000708200000|  0%| F|  |TAMS 0x0000000708000000, 0x0000000708000000| Untracked 
|  25|0x0000000708200000, 0x0000000708200000, 0x0000000708400000|  0%| F|  |TAMS 0x0000000708200000, 0x0000000708200000| Untracked 
|  26|0x0000000708400000, 0x0000000708400000, 0x0000000708600000|  0%| F|  |TAMS 0x0000000708400000, 0x0000000708400000| Untracked 
|  27|0x0000000708600000, 0x0000000708600000, 0x0000000708800000|  0%| F|  |TAMS 0x0000000708600000, 0x0000000708600000| Untracked 
|  28|0x0000000708800000, 0x0000000708800000, 0x0000000708a00000|  0%| F|  |TAMS 0x0000000708800000, 0x0000000708800000| Untracked 
|  29|0x0000000708a00000, 0x0000000708a00000, 0x0000000708c00000|  0%| F|  |TAMS 0x0000000708a00000, 0x0000000708a00000| Untracked 
|  30|0x0000000708c00000, 0x0000000708c00000, 0x0000000708e00000|  0%| F|  |TAMS 0x0000000708c00000, 0x0000000708c00000| Untracked 
|  31|0x0000000708e00000, 0x0000000708e00000, 0x0000000709000000|  0%| F|  |TAMS 0x0000000708e00000, 0x0000000708e00000| Untracked 
|  32|0x0000000709000000, 0x0000000709000000, 0x0000000709200000|  0%| F|  |TAMS 0x0000000709000000, 0x0000000709000000| Untracked 
|  33|0x0000000709200000, 0x0000000709200000, 0x0000000709400000|  0%| F|  |TAMS 0x0000000709200000, 0x0000000709200000| Untracked 
|  34|0x0000000709400000, 0x0000000709400000, 0x0000000709600000|  0%| F|  |TAMS 0x0000000709400000, 0x0000000709400000| Untracked 
|  35|0x0000000709600000, 0x0000000709600000, 0x0000000709800000|  0%| F|  |TAMS 0x0000000709600000, 0x0000000709600000| Untracked 
|  36|0x0000000709800000, 0x0000000709800000, 0x0000000709a00000|  0%| F|  |TAMS 0x0000000709800000, 0x0000000709800000| Untracked 
|  37|0x0000000709a00000, 0x0000000709a00000, 0x0000000709c00000|  0%| F|  |TAMS 0x0000000709a00000, 0x0000000709a00000| Untracked 
|  38|0x0000000709c00000, 0x0000000709c00000, 0x0000000709e00000|  0%| F|  |TAMS 0x0000000709c00000, 0x0000000709c00000| Untracked 
|  39|0x0000000709e00000, 0x0000000709e00000, 0x000000070a000000|  0%| F|  |TAMS 0x0000000709e00000, 0x0000000709e00000| Untracked 
|  40|0x000000070a000000, 0x000000070a000000, 0x000000070a200000|  0%| F|  |TAMS 0x000000070a000000, 0x000000070a000000| Untracked 
|  41|0x000000070a200000, 0x000000070a200000, 0x000000070a400000|  0%| F|  |TAMS 0x000000070a200000, 0x000000070a200000| Untracked 
|  42|0x000000070a400000, 0x000000070a400000, 0x000000070a600000|  0%| F|  |TAMS 0x000000070a400000, 0x000000070a400000| Untracked 
|  43|0x000000070a600000, 0x000000070a600000, 0x000000070a800000|  0%| F|  |TAMS 0x000000070a600000, 0x000000070a600000| Untracked 
|  44|0x000000070a800000, 0x000000070a800000, 0x000000070aa00000|  0%| F|  |TAMS 0x000000070a800000, 0x000000070a800000| Untracked 
|  45|0x000000070aa00000, 0x000000070aa00000, 0x000000070ac00000|  0%| F|  |TAMS 0x000000070aa00000, 0x000000070aa00000| Untracked 
|  46|0x000000070ac00000, 0x000000070ac00000, 0x000000070ae00000|  0%| F|  |TAMS 0x000000070ac00000, 0x000000070ac00000| Untracked 
|  47|0x000000070ae00000, 0x000000070ae00000, 0x000000070b000000|  0%| F|  |TAMS 0x000000070ae00000, 0x000000070ae00000| Untracked 
|  48|0x000000070b000000, 0x000000070b000000, 0x000000070b200000|  0%| F|  |TAMS 0x000000070b000000, 0x000000070b000000| Untracked 
|  49|0x000000070b200000, 0x000000070b200000, 0x000000070b400000|  0%| F|  |TAMS 0x000000070b200000, 0x000000070b200000| Untracked 
|  50|0x000000070b400000, 0x000000070b400000, 0x000000070b600000|  0%| F|  |TAMS 0x000000070b400000, 0x000000070b400000| Untracked 
|  51|0x000000070b600000, 0x000000070b600000, 0x000000070b800000|  0%| F|  |TAMS 0x000000070b600000, 0x000000070b600000| Untracked 
|  52|0x000000070b800000, 0x000000070b800000, 0x000000070ba00000|  0%| F|  |TAMS 0x000000070b800000, 0x000000070b800000| Untracked 
|  53|0x000000070ba00000, 0x000000070ba00000, 0x000000070bc00000|  0%| F|  |TAMS 0x000000070ba00000, 0x000000070ba00000| Untracked 
|  54|0x000000070bc00000, 0x000000070bc00000, 0x000000070be00000|  0%| F|  |TAMS 0x000000070bc00000, 0x000000070bc00000| Untracked 
|  55|0x000000070be00000, 0x000000070be00000, 0x000000070c000000|  0%| F|  |TAMS 0x000000070be00000, 0x000000070be00000| Untracked 
|  56|0x000000070c000000, 0x000000070c000000, 0x000000070c200000|  0%| F|  |TAMS 0x000000070c000000, 0x000000070c000000| Untracked 
|  57|0x000000070c200000, 0x000000070c200000, 0x000000070c400000|  0%| F|  |TAMS 0x000000070c200000, 0x000000070c200000| Untracked 
|  58|0x000000070c400000, 0x000000070c400000, 0x000000070c600000|  0%| F|  |TAMS 0x000000070c400000, 0x000000070c400000| Untracked 
|  59|0x000000070c600000, 0x000000070c600000, 0x000000070c800000|  0%| F|  |TAMS 0x000000070c600000, 0x000000070c600000| Untracked 
|  60|0x000000070c800000, 0x000000070c800000, 0x000000070ca00000|  0%| F|  |TAMS 0x000000070c800000, 0x000000070c800000| Untracked 
|  61|0x000000070ca00000, 0x000000070ca00000, 0x000000070cc00000|  0%| F|  |TAMS 0x000000070ca00000, 0x000000070ca00000| Untracked 
|  62|0x000000070cc00000, 0x000000070cc00000, 0x000000070ce00000|  0%| F|  |TAMS 0x000000070cc00000, 0x000000070cc00000| Untracked 
|  63|0x000000070ce00000, 0x000000070ce00000, 0x000000070d000000|  0%| F|  |TAMS 0x000000070ce00000, 0x000000070ce00000| Untracked 
|  64|0x000000070d000000, 0x000000070d000000, 0x000000070d200000|  0%| F|  |TAMS 0x000000070d000000, 0x000000070d000000| Untracked 
|  65|0x000000070d200000, 0x000000070d200000, 0x000000070d400000|  0%| F|  |TAMS 0x000000070d200000, 0x000000070d200000| Untracked 
|  66|0x000000070d400000, 0x000000070d400000, 0x000000070d600000|  0%| F|  |TAMS 0x000000070d400000, 0x000000070d400000| Untracked 
|  67|0x000000070d600000, 0x000000070d600000, 0x000000070d800000|  0%| F|  |TAMS 0x000000070d600000, 0x000000070d600000| Untracked 
|  68|0x000000070d800000, 0x000000070d800000, 0x000000070da00000|  0%| F|  |TAMS 0x000000070d800000, 0x000000070d800000| Untracked 
|  69|0x000000070da00000, 0x000000070da00000, 0x000000070dc00000|  0%| F|  |TAMS 0x000000070da00000, 0x000000070da00000| Untracked 
|  70|0x000000070dc00000, 0x000000070dc00000, 0x000000070de00000|  0%| F|  |TAMS 0x000000070dc00000, 0x000000070dc00000| Untracked 
|  71|0x000000070de00000, 0x000000070de00000, 0x000000070e000000|  0%| F|  |TAMS 0x000000070de00000, 0x000000070de00000| Untracked 
|  72|0x000000070e000000, 0x000000070e000000, 0x000000070e200000|  0%| F|  |TAMS 0x000000070e000000, 0x000000070e000000| Untracked 
|  73|0x000000070e200000, 0x000000070e200000, 0x000000070e400000|  0%| F|  |TAMS 0x000000070e200000, 0x000000070e200000| Untracked 
|  74|0x000000070e400000, 0x000000070e400000, 0x000000070e600000|  0%| F|  |TAMS 0x000000070e400000, 0x000000070e400000| Untracked 
|  75|0x000000070e600000, 0x000000070e600000, 0x000000070e800000|  0%| F|  |TAMS 0x000000070e600000, 0x000000070e600000| Untracked 
|  76|0x000000070e800000, 0x000000070e800000, 0x000000070ea00000|  0%| F|  |TAMS 0x000000070e800000, 0x000000070e800000| Untracked 
|  77|0x000000070ea00000, 0x000000070ea00000, 0x000000070ec00000|  0%| F|  |TAMS 0x000000070ea00000, 0x000000070ea00000| Untracked 
|  78|0x000000070ec00000, 0x000000070ec00000, 0x000000070ee00000|  0%| F|  |TAMS 0x000000070ec00000, 0x000000070ec00000| Untracked 
|  79|0x000000070ee00000, 0x000000070ee00000, 0x000000070f000000|  0%| F|  |TAMS 0x000000070ee00000, 0x000000070ee00000| Untracked 
|  80|0x000000070f000000, 0x000000070f000000, 0x000000070f200000|  0%| F|  |TAMS 0x000000070f000000, 0x000000070f000000| Untracked 
|  81|0x000000070f200000, 0x000000070f200000, 0x000000070f400000|  0%| F|  |TAMS 0x000000070f200000, 0x000000070f200000| Untracked 
|  82|0x000000070f400000, 0x000000070f400000, 0x000000070f600000|  0%| F|  |TAMS 0x000000070f400000, 0x000000070f400000| Untracked 
|  83|0x000000070f600000, 0x000000070f600000, 0x000000070f800000|  0%| F|  |TAMS 0x000000070f600000, 0x000000070f600000| Untracked 
|  84|0x000000070f800000, 0x000000070f800000, 0x000000070fa00000|  0%| F|  |TAMS 0x000000070f800000, 0x000000070f800000| Untracked 
|  85|0x000000070fa00000, 0x000000070fa00000, 0x000000070fc00000|  0%| F|  |TAMS 0x000000070fa00000, 0x000000070fa00000| Untracked 
|  86|0x000000070fc00000, 0x000000070fc00000, 0x000000070fe00000|  0%| F|  |TAMS 0x000000070fc00000, 0x000000070fc00000| Untracked 
|  87|0x000000070fe00000, 0x000000070fe00000, 0x0000000710000000|  0%| F|  |TAMS 0x000000070fe00000, 0x000000070fe00000| Untracked 
|  88|0x0000000710000000, 0x0000000710000000, 0x0000000710200000|  0%| F|  |TAMS 0x0000000710000000, 0x0000000710000000| Untracked 
|  89|0x0000000710200000, 0x0000000710200000, 0x0000000710400000|  0%| F|  |TAMS 0x0000000710200000, 0x0000000710200000| Untracked 
|  90|0x0000000710400000, 0x0000000710400000, 0x0000000710600000|  0%| F|  |TAMS 0x0000000710400000, 0x0000000710400000| Untracked 
|  91|0x0000000710600000, 0x0000000710600000, 0x0000000710800000|  0%| F|  |TAMS 0x0000000710600000, 0x0000000710600000| Untracked 
|  92|0x0000000710800000, 0x0000000710800000, 0x0000000710a00000|  0%| F|  |TAMS 0x0000000710800000, 0x0000000710800000| Untracked 
|  93|0x0000000710a00000, 0x0000000710a00000, 0x0000000710c00000|  0%| F|  |TAMS 0x0000000710a00000, 0x0000000710a00000| Untracked 
|  94|0x0000000710c00000, 0x0000000710c00000, 0x0000000710e00000|  0%| F|  |TAMS 0x0000000710c00000, 0x0000000710c00000| Untracked 
|  95|0x0000000710e00000, 0x0000000710e00000, 0x0000000711000000|  0%| F|  |TAMS 0x0000000710e00000, 0x0000000710e00000| Untracked 
|  96|0x0000000711000000, 0x0000000711000000, 0x0000000711200000|  0%| F|  |TAMS 0x0000000711000000, 0x0000000711000000| Untracked 
|  97|0x0000000711200000, 0x0000000711200000, 0x0000000711400000|  0%| F|  |TAMS 0x0000000711200000, 0x0000000711200000| Untracked 
|  98|0x0000000711400000, 0x0000000711400000, 0x0000000711600000|  0%| F|  |TAMS 0x0000000711400000, 0x0000000711400000| Untracked 
|  99|0x0000000711600000, 0x0000000711600000, 0x0000000711800000|  0%| F|  |TAMS 0x0000000711600000, 0x0000000711600000| Untracked 
| 100|0x0000000711800000, 0x0000000711800000, 0x0000000711a00000|  0%| F|  |TAMS 0x0000000711800000, 0x0000000711800000| Untracked 
| 101|0x0000000711a00000, 0x0000000711a00000, 0x0000000711c00000|  0%| F|  |TAMS 0x0000000711a00000, 0x0000000711a00000| Untracked 
| 102|0x0000000711c00000, 0x0000000711c00000, 0x0000000711e00000|  0%| F|  |TAMS 0x0000000711c00000, 0x0000000711c00000| Untracked 
| 103|0x0000000711e00000, 0x0000000711e00000, 0x0000000712000000|  0%| F|  |TAMS 0x0000000711e00000, 0x0000000711e00000| Untracked 
| 104|0x0000000712000000, 0x0000000712000000, 0x0000000712200000|  0%| F|  |TAMS 0x0000000712000000, 0x0000000712000000| Untracked 
| 105|0x0000000712200000, 0x0000000712200000, 0x0000000712400000|  0%| F|  |TAMS 0x0000000712200000, 0x0000000712200000| Untracked 
| 106|0x0000000712400000, 0x0000000712400000, 0x0000000712600000|  0%| F|  |TAMS 0x0000000712400000, 0x0000000712400000| Untracked 
| 107|0x0000000712600000, 0x0000000712600000, 0x0000000712800000|  0%| F|  |TAMS 0x0000000712600000, 0x0000000712600000| Untracked 
| 108|0x0000000712800000, 0x0000000712800000, 0x0000000712a00000|  0%| F|  |TAMS 0x0000000712800000, 0x0000000712800000| Untracked 
| 109|0x0000000712a00000, 0x0000000712a00000, 0x0000000712c00000|  0%| F|  |TAMS 0x0000000712a00000, 0x0000000712a00000| Untracked 
| 110|0x0000000712c00000, 0x0000000712c00000, 0x0000000712e00000|  0%| F|  |TAMS 0x0000000712c00000, 0x0000000712c00000| Untracked 
| 111|0x0000000712e00000, 0x0000000712e00000, 0x0000000713000000|  0%| F|  |TAMS 0x0000000712e00000, 0x0000000712e00000| Untracked 
| 112|0x0000000713000000, 0x0000000713000000, 0x0000000713200000|  0%| F|  |TAMS 0x0000000713000000, 0x0000000713000000| Untracked 
| 113|0x0000000713200000, 0x000000071335a560, 0x0000000713400000| 67%| S|CS|TAMS 0x0000000713200000, 0x0000000713200000| Complete 
| 114|0x0000000713400000, 0x0000000713600000, 0x0000000713600000|100%| S|CS|TAMS 0x0000000713400000, 0x0000000713400000| Complete 
| 115|0x0000000713600000, 0x0000000713600000, 0x0000000713800000|  0%| F|  |TAMS 0x0000000713600000, 0x0000000713600000| Untracked 
| 116|0x0000000713800000, 0x0000000713800000, 0x0000000713a00000|  0%| F|  |TAMS 0x0000000713800000, 0x0000000713800000| Untracked 
| 117|0x0000000713a00000, 0x0000000713a00000, 0x0000000713c00000|  0%| F|  |TAMS 0x0000000713a00000, 0x0000000713a00000| Untracked 
| 118|0x0000000713c00000, 0x0000000713c00000, 0x0000000713e00000|  0%| F|  |TAMS 0x0000000713c00000, 0x0000000713c00000| Untracked 
| 119|0x0000000713e00000, 0x0000000713e00000, 0x0000000714000000|  0%| F|  |TAMS 0x0000000713e00000, 0x0000000713e00000| Untracked 
| 120|0x0000000714000000, 0x00000007140af180, 0x0000000714200000| 34%| E|  |TAMS 0x0000000714000000, 0x0000000714000000| Complete 
| 121|0x0000000714200000, 0x0000000714400000, 0x0000000714400000|100%| E|CS|TAMS 0x0000000714200000, 0x0000000714200000| Complete 
| 122|0x0000000714400000, 0x0000000714600000, 0x0000000714600000|100%| E|CS|TAMS 0x0000000714400000, 0x0000000714400000| Complete 
| 123|0x0000000714600000, 0x0000000714800000, 0x0000000714800000|100%| E|CS|TAMS 0x0000000714600000, 0x0000000714600000| Complete 
| 124|0x0000000714800000, 0x0000000714a00000, 0x0000000714a00000|100%| E|CS|TAMS 0x0000000714800000, 0x0000000714800000| Complete 
| 125|0x0000000714a00000, 0x0000000714c00000, 0x0000000714c00000|100%| E|CS|TAMS 0x0000000714a00000, 0x0000000714a00000| Complete 

Card table byte_map: [0x00000236ff4a0000,0x00000236ffc80000] _byte_map_base: 0x00000236fbc78000

Marking Bits (Prev, Next): (CMBitMap*) 0x00000236fe932b90, (CMBitMap*) 0x00000236fe932bd0
 Prev Bits: [0x0000023697210000, 0x000002369b0d0000)
 Next Bits: [0x000002369b0d0000, 0x000002369ef90000)

Polling page: 0x00000236fc820000

Metaspace:

Usage:
  Non-class:     10.66 MB used.
      Class:      1.25 MB used.
       Both:     11.91 MB used.

Virtual space:
  Non-class space:       16.00 MB reserved,      10.75 MB ( 67%) committed,  2 nodes.
      Class space:        1.00 GB reserved,       1.38 MB ( <1%) committed,  1 nodes.
             Both:        1.02 GB reserved,      12.13 MB (  1%) committed. 

Chunk freelists:
   Non-Class:  1.20 MB
       Class:  2.61 MB
        Both:  3.81 MB

MaxMetaspaceSize: unlimited
CompressedClassSpaceSize: 1.00 GB
Initial GC threshold: 21.00 MB
Current GC threshold: 21.00 MB
CDS: on
MetaspaceReclaimPolicy: balanced
 - commit_granule_bytes: 65536.
 - commit_granule_words: 8192.
 - virtual_space_node_default_size: 1048576.
 - enlarge_chunks_in_place: 1.
 - new_chunks_are_fully_committed: 0.
 - uncommit_free_chunks: 1.
 - use_allocation_guard: 0.
 - handle_deallocations: 1.


Internal statistics:

num_allocs_failed_limit: 0.
num_arena_births: 200.
num_arena_deaths: 0.
num_vsnodes_births: 3.
num_vsnodes_deaths: 0.
num_space_committed: 194.
num_space_uncommitted: 0.
num_chunks_returned_to_freelist: 0.
num_chunks_taken_from_freelist: 491.
num_chunk_merges: 0.
num_chunk_splits: 306.
num_chunks_enlarged: 191.
num_purges: 0.
num_inconsistent_stats: 0.

CodeHeap 'non-profiled nmethods': size=120000Kb used=616Kb max_used=616Kb free=119383Kb
 bounds [0x000002368f500000, 0x000002368f770000, 0x0000023696a30000]
CodeHeap 'profiled nmethods': size=120000Kb used=2937Kb max_used=2937Kb free=117062Kb
 bounds [0x0000023687a30000, 0x0000023687d10000, 0x000002368ef60000]
CodeHeap 'non-nmethods': size=5760Kb used=1666Kb max_used=1680Kb free=4093Kb
 bounds [0x000002368ef60000, 0x000002368f1d0000, 0x000002368f500000]
 total_blobs=2727 nmethods=1627 adapters=1012
 compilation: enabled
              stopped_count=0, restarted_count=0
 full_count=0

Compilation events (20 events):
Event: 1.104 Thread 0x00000236a17189b0 nmethod 1613 0x0000023687d08690 code [0x0000023687d08840, 0x0000023687d08ae8]
Event: 1.104 Thread 0x00000236a17189b0 1614       3       jdk.internal.misc.Unsafe::checkNativeAddress (28 bytes)
Event: 1.104 Thread 0x00000236a17189b0 nmethod 1614 0x0000023687d08c10 code [0x0000023687d08da0, 0x0000023687d08eb8]
Event: 1.106 Thread 0x00000236a17189b0 1616       3       sun.misc.Unsafe::putInt (11 bytes)
Event: 1.106 Thread 0x00000236a17189b0 nmethod 1616 0x0000023687d08f90 code [0x0000023687d09120, 0x0000023687d09238]
Event: 1.106 Thread 0x00000236a17189b0 1617       1       org.lwjgl.system.Pointer$Default::address (5 bytes)
Event: 1.106 Thread 0x00000236a17189b0 nmethod 1617 0x000002368f598f10 code [0x000002368f5990a0, 0x000002368f599178]
Event: 1.106 Thread 0x00000236a17189b0 1618       3       sun.net.www.ParseUtil::firstEncodeIndex (86 bytes)
Event: 1.107 Thread 0x00000236a17189b0 nmethod 1618 0x0000023687d09310 code [0x0000023687d09560, 0x0000023687d09f48]
Event: 1.107 Thread 0x00000236a17189b0 1620       3       sun.misc.Unsafe::putLong (11 bytes)
Event: 1.107 Thread 0x00000236a17189b0 nmethod 1620 0x0000023687d0a310 code [0x0000023687d0a4a0, 0x0000023687d0a5b8]
Event: 1.107 Thread 0x00000236a17189b0 1621       3       org.lwjgl.system.MemoryUtil::memPutAddress (29 bytes)
Event: 1.108 Thread 0x00000236a1710f40 1622       4       java.lang.Integer::toUnsignedLong (7 bytes)
Event: 1.108 Thread 0x00000236a17189b0 nmethod 1621 0x0000023687d0a690 code [0x0000023687d0a840, 0x0000023687d0aa38]
Event: 1.108 Thread 0x00000236a1710f40 nmethod 1622 0x000002368f599610 code [0x000002368f599780, 0x000002368f5997d8]
Event: 1.108 Thread 0x00000236a1710f40 1623       4       sun.misc.Unsafe::putLong (11 bytes)
Event: 1.108 Thread 0x00000236a1710f40 nmethod 1623 0x000002368f599910 code [0x000002368f599a80, 0x000002368f599b18]
Event: 1.114 Thread 0x00000236a1710f40 1624       4       java.util.StringTokenizer::skipDelimiters (116 bytes)
Event: 1.114 Thread 0x00000236a17189b0 1625       3       java.lang.reflect.Modifier::isAbstract (14 bytes)
Event: 1.114 Thread 0x00000236a17189b0 nmethod 1625 0x0000023687d0ab10 code [0x0000023687d0aca0, 0x0000023687d0adf8]

GC Heap History (2 events):
Event: 0.537 GC heap before
{Heap before GC invocations=0 (full 0):
 garbage-first heap   total 258048K, used 22528K [0x0000000705000000, 0x0000000800000000)
  region size 2048K, 11 young (22528K), 0 survivors (0K)
 Metaspace       used 7134K, committed 7360K, reserved 1056768K
  class space    used 838K, committed 960K, reserved 1048576K
}
Event: 0.541 GC heap after
{Heap after GC invocations=1 (full 0):
 garbage-first heap   total 258048K, used 3433K [0x0000000705000000, 0x0000000800000000)
  region size 2048K, 2 young (4096K), 2 survivors (4096K)
 Metaspace       used 7134K, committed 7360K, reserved 1056768K
  class space    used 838K, committed 960K, reserved 1048576K
}

Dll operation events (13 events):
Event: 0.009 Loaded shared library C:\Users\tofik\.jdks\corretto-17.0.6\bin\java.dll
Event: 0.030 Loaded shared library C:\Users\tofik\.jdks\corretto-17.0.6\bin\jsvml.dll
Event: 0.084 Loaded shared library C:\Users\tofik\.jdks\corretto-17.0.6\bin\zip.dll
Event: 0.086 Loaded shared library C:\Users\tofik\.jdks\corretto-17.0.6\bin\instrument.dll
Event: 0.093 Loaded shared library C:\Users\tofik\.jdks\corretto-17.0.6\bin\net.dll
Event: 0.095 Loaded shared library C:\Users\tofik\.jdks\corretto-17.0.6\bin\nio.dll
Event: 0.097 Loaded shared library C:\Users\tofik\.jdks\corretto-17.0.6\bin\zip.dll
Event: 0.128 Loaded shared library C:\Program Files\JetBrains\IntelliJ IDEA 2022.3.2\bin\breakgen64.dll
Event: 0.158 Loaded shared library C:\Users\tofik\.jdks\corretto-17.0.6\bin\jimage.dll
Event: 0.345 Loaded shared library C:\Users\tofik\.jdks\corretto-17.0.6\bin\management.dll
Event: 0.349 Loaded shared library C:\Users\tofik\.jdks\corretto-17.0.6\bin\management_ext.dll
Event: 0.775 Loaded shared library C:\Users\tofik\AppData\Local\Temp\lwjgl_tofik\3.3.2+13\x64\lwjgl.dll
Event: 1.103 Loaded shared library C:\Users\tofik\AppData\Local\Temp\lwjgl_tofik\3.3.2+13\x64\lwjgl_opengl.dll

Deoptimization events (20 events):
Event: 0.866 Thread 0x00000236fe8c8810 DEOPT PACKING pc=0x0000023687cdddf2 sp=0x0000009f727fe240
Event: 0.866 Thread 0x00000236fe8c8810 DEOPT UNPACKING pc=0x000002368efbace3 sp=0x0000009f727fd6b8 mode 0
Event: 0.866 Thread 0x00000236fe8c8810 DEOPT PACKING pc=0x0000023687cdddf2 sp=0x0000009f727fe240
Event: 0.866 Thread 0x00000236fe8c8810 DEOPT UNPACKING pc=0x000002368efbace3 sp=0x0000009f727fd6b8 mode 0
Event: 0.867 Thread 0x00000236fe8c8810 DEOPT PACKING pc=0x0000023687cdddf2 sp=0x0000009f727fe240
Event: 0.867 Thread 0x00000236fe8c8810 DEOPT UNPACKING pc=0x000002368efbace3 sp=0x0000009f727fd6b8 mode 0
Event: 0.867 Thread 0x00000236fe8c8810 DEOPT PACKING pc=0x0000023687cdddf2 sp=0x0000009f727fe240
Event: 0.867 Thread 0x00000236fe8c8810 DEOPT UNPACKING pc=0x000002368efbace3 sp=0x0000009f727fd6b8 mode 0
Event: 0.867 Thread 0x00000236fe8c8810 DEOPT PACKING pc=0x0000023687cdddf2 sp=0x0000009f727fe240
Event: 0.867 Thread 0x00000236fe8c8810 DEOPT UNPACKING pc=0x000002368efbace3 sp=0x0000009f727fd6b8 mode 0
Event: 0.867 Thread 0x00000236fe8c8810 DEOPT PACKING pc=0x0000023687cddf3a sp=0x0000009f727fe240
Event: 0.867 Thread 0x00000236fe8c8810 DEOPT UNPACKING pc=0x000002368efbace3 sp=0x0000009f727fd6b8 mode 0
Event: 1.098 Thread 0x00000236fe8c8810 Uncommon trap: trap_request=0xffffff45 fr.pc=0x000002368f535688 relative=0x0000000000000068
Event: 1.098 Thread 0x00000236fe8c8810 Uncommon trap: reason=unstable_if action=reinterpret pc=0x000002368f535688 method=sun.net.www.ParseUtil.firstEncodeIndex(Ljava/lang/String;)I @ 51 c2
Event: 1.098 Thread 0x00000236fe8c8810 DEOPT PACKING pc=0x000002368f535688 sp=0x0000009f727fcf30
Event: 1.098 Thread 0x00000236fe8c8810 DEOPT UNPACKING pc=0x000002368efba1a3 sp=0x0000009f727fceb8 mode 2
Event: 1.116 Thread 0x00000236fe8c8810 Uncommon trap: trap_request=0xffffff54 fr.pc=0x000002368f599ae0 relative=0x0000000000000060
Event: 1.116 Thread 0x00000236fe8c8810 Uncommon trap: reason=speculate_null_assert action=make_not_entrant pc=0x000002368f599ae0 method=sun.misc.Unsafe.putLong(Ljava/lang/Object;JJ)V @ 7 c2
Event: 1.116 Thread 0x00000236fe8c8810 DEOPT PACKING pc=0x000002368f599ae0 sp=0x0000009f727ff360
Event: 1.116 Thread 0x00000236fe8c8810 DEOPT UNPACKING pc=0x000002368efba1a3 sp=0x0000009f727ff2d8 mode 2

Classes unloaded (0 events):
No events

Classes redefined (0 events):
No events

Internal exceptions (20 events):
Event: 0.334 Thread 0x00000236fe8c8810 Exception <a 'java/lang/NoSuchMethodError'{0x0000000713c804d0}: 'void java.lang.invoke.DirectMethodHandle$Holder.invokeStatic(java.lang.Object, java.lang.Object, java.lang.Object, java.lang.Object)'> (0x0000000713c804d0) 
thrown [s\src\hotspot\share\interpreter\linkResolver.cpp, line 759]
Event: 0.334 Thread 0x00000236fe8c8810 Exception <a 'java/lang/NoSuchMethodError'{0x0000000713c84178}: 'void java.lang.invoke.DirectMethodHandle$Holder.invokeStaticInit(java.lang.Object, java.lang.Object, java.lang.Object, java.lang.Object)'> (0x0000000713c84178) 
thrown [s\src\hotspot\share\interpreter\linkResolver.cpp, line 759]
Event: 0.525 Thread 0x00000236fe8c8810 Exception <a 'java/lang/NoSuchMethodError'{0x00000007137a8548}: 'java.lang.Object java.lang.invoke.DirectMethodHandle$Holder.newInvokeSpecial(java.lang.Object, java.lang.Object, java.lang.Object, java.lang.Object, java.lang.Object)'> (0x00000007137a8548) 
thrown [s\src\hotspot\share\interpreter\linkResolver.cpp, line 759]
Event: 0.570 Thread 0x00000236fe8c8810 Exception <a 'java/lang/NoSuchMethodError'{0x0000000714b88610}: 'int java.lang.invoke.DirectMethodHandle$Holder.invokeStaticInit(java.lang.Object, java.lang.Object, java.lang.Object)'> (0x0000000714b88610) 
thrown [s\src\hotspot\share\interpreter\linkResolver.cpp, line 759]
Event: 0.614 Thread 0x00000236fe8c8810 Exception <a 'java/lang/NoSuchMethodError'{0x00000007148c5818}: 'int java.lang.invoke.DirectMethodHandle$Holder.invokeInterface(java.lang.Object, java.lang.Object)'> (0x00000007148c5818) 
thrown [s\src\hotspot\share\interpreter\linkResolver.cpp, line 759]
Event: 0.614 Thread 0x00000236fe8c8810 Exception <a 'java/lang/IncompatibleClassChangeError'{0x00000007148c8d00}: Found class java.lang.Object, but interface was expected> (0x00000007148c8d00) 
thrown [s\src\hotspot\share\interpreter\linkResolver.cpp, line 826]
Event: 0.764 Thread 0x00000236fe8c8810 Exception <a 'sun/nio/fs/WindowsException'{0x000000071443a378}> (0x000000071443a378) 
thrown [s\src\hotspot\share\prims\jni.cpp, line 516]
Event: 0.772 Thread 0x00000236fe8c8810 Exception <a 'sun/nio/fs/WindowsException'{0x000000071443a8c8}> (0x000000071443a8c8) 
thrown [s\src\hotspot\share\prims\jni.cpp, line 516]
Event: 0.826 Thread 0x00000236fe8c8810 Exception <a 'java/lang/NoSuchMethodError'{0x00000007144e7b08}: 'int java.lang.invoke.DirectMethodHandle$Holder.invokeStaticInit(java.lang.Object, java.lang.Object, int, long)'> (0x00000007144e7b08) 
thrown [s\src\hotspot\share\interpreter\linkResolver.cpp, line 759]
Event: 0.827 Thread 0x00000236fe8c8810 Exception <a 'java/lang/NoSuchMethodError'{0x00000007144ed3f0}: 'java.lang.Object java.lang.invoke.DirectMethodHandle$Holder.newInvokeSpecial(java.lang.Object, java.lang.Object, int)'> (0x00000007144ed3f0) 
thrown [s\src\hotspot\share\interpreter\linkResolver.cpp, line 759]
Event: 0.829 Thread 0x00000236fe8c8810 Exception <a 'java/lang/NoSuchMethodError'{0x00000007144fd790}: 'int java.lang.invoke.DirectMethodHandle$Holder.invokeStaticInit(java.lang.Object, java.lang.Object, long, long)'> (0x00000007144fd790) 
thrown [s\src\hotspot\share\interpreter\linkResolver.cpp, line 759]
Event: 0.830 Thread 0x00000236fe8c8810 Exception <a 'java/lang/NoSuchMethodError'{0x0000000714503440}: 'java.lang.Object java.lang.invoke.DirectMethodHandle$Holder.newInvokeSpecial(java.lang.Object, java.lang.Object, long)'> (0x0000000714503440) 
thrown [s\src\hotspot\share\interpreter\linkResolver.cpp, line 759]
Event: 0.831 Thread 0x00000236fe8c8810 Exception <a 'java/lang/NoSuchMethodError'{0x0000000714506d08}: 'java.lang.Object java.lang.invoke.Invokers$Holder.linkToTargetMethod(java.lang.Object, long, java.lang.Object)'> (0x0000000714506d08) 
thrown [s\src\hotspot\share\interpreter\linkResolver.cpp, line 759]
Event: 0.831 Thread 0x00000236fe8c8810 Exception <a 'java/lang/NoSuchMethodError'{0x000000071450e1d8}: 'int java.lang.invoke.DirectMethodHandle$Holder.invokeStaticInit(java.lang.Object, java.lang.Object, java.lang.Object, long)'> (0x000000071450e1d8) 
thrown [s\src\hotspot\share\interpreter\linkResolver.cpp, line 759]
Event: 0.857 Thread 0x00000236fe8c8810 Exception <a 'sun/nio/fs/WindowsException'{0x00000007145d37f8}> (0x00000007145d37f8) 
thrown [s\src\hotspot\share\prims\jni.cpp, line 516]
Event: 0.857 Thread 0x00000236fe8c8810 Exception <a 'sun/nio/fs/WindowsException'{0x00000007145d3b58}> (0x00000007145d3b58) 
thrown [s\src\hotspot\share\prims\jni.cpp, line 516]
Event: 1.101 Thread 0x00000236fe8c8810 Exception <a 'sun/nio/fs/WindowsException'{0x000000071432dd48}> (0x000000071432dd48) 
thrown [s\src\hotspot\share\prims\jni.cpp, line 516]
Event: 1.101 Thread 0x00000236fe8c8810 Exception <a 'sun/nio/fs/WindowsException'{0x000000071432e0f0}> (0x000000071432e0f0) 
thrown [s\src\hotspot\share\prims\jni.cpp, line 516]
Event: 1.106 Thread 0x00000236fe8c8810 Exception <a 'sun/nio/fs/WindowsException'{0x000000071433a878}> (0x000000071433a878) 
thrown [s\src\hotspot\share\prims\jni.cpp, line 516]
Event: 1.106 Thread 0x00000236fe8c8810 Exception <a 'sun/nio/fs/WindowsException'{0x000000071433ab58}> (0x000000071433ab58) 
thrown [s\src\hotspot\share\prims\jni.cpp, line 516]

VM Operations (16 events):
Event: 0.131 Executing VM operation: HandshakeAllThreads
Event: 0.131 Executing VM operation: HandshakeAllThreads done
Event: 0.179 Executing VM operation: HandshakeAllThreads
Event: 0.179 Executing VM operation: HandshakeAllThreads done
Event: 0.184 Executing VM operation: HandshakeAllThreads
Event: 0.184 Executing VM operation: HandshakeAllThreads done
Event: 0.222 Executing VM operation: HandshakeAllThreads
Event: 0.222 Executing VM operation: HandshakeAllThreads done
Event: 0.477 Executing VM operation: ICBufferFull
Event: 0.478 Executing VM operation: ICBufferFull done
Event: 0.537 Executing VM operation: G1CollectForAllocation
Event: 0.541 Executing VM operation: G1CollectForAllocation done
Event: 0.544 Executing VM operation: HandshakeAllThreads
Event: 0.544 Executing VM operation: HandshakeAllThreads done
Event: 0.787 Executing VM operation: HandshakeAllThreads
Event: 0.787 Executing VM operation: HandshakeAllThreads done

Events (20 events):
Event: 1.113 loading class sun/nio/cs/Surrogate$Parser done
Event: 1.113 loading class sun/nio/cs/Surrogate
Event: 1.113 loading class sun/nio/cs/Surrogate done
Event: 1.113 loading class sun/util/locale/provider/TimeZoneNameUtility
Event: 1.113 loading class sun/util/locale/provider/TimeZoneNameUtility done
Event: 1.113 loading class sun/util/locale/provider/TimeZoneNameUtility$TimeZoneNameGetter
Event: 1.113 loading class sun/util/locale/provider/TimeZoneNameUtility$TimeZoneNameGetter done
Event: 1.113 loading class sun/util/cldr/CLDRTimeZoneNameProviderImpl
Event: 1.114 loading class sun/util/locale/provider/TimeZoneNameProviderImpl
Event: 1.114 loading class sun/util/locale/provider/TimeZoneNameProviderImpl done
Event: 1.114 loading class sun/util/cldr/CLDRTimeZoneNameProviderImpl done
Event: 1.114 loading class sun/util/locale/provider/BaseLocaleDataMetaInfo
Event: 1.114 loading class sun/util/locale/provider/BaseLocaleDataMetaInfo done
Event: 1.116 loading class sun/util/resources/cldr/TimeZoneNames
Event: 1.116 loading class sun/util/resources/TimeZoneNamesBundle
Event: 1.116 loading class sun/util/resources/OpenListResourceBundle
Event: 1.116 loading class sun/util/resources/OpenListResourceBundle done
Event: 1.116 loading class sun/util/resources/TimeZoneNamesBundle done
Event: 1.116 loading class sun/util/resources/cldr/TimeZoneNames done
Event: 1.116 loading class sun/util/resources/cldr/TimeZoneNames_en


Dynamic libraries:
0x00007ff62f530000 - 0x00007ff62f53d000 	C:\Users\tofik\.jdks\corretto-17.0.6\bin\java.exe
0x00007ffba3470000 - 0x00007ffba3684000 	C:\Windows\SYSTEM32\ntdll.dll
0x00007ffba2a80000 - 0x00007ffba2b42000 	C:\Windows\System32\KERNEL32.DLL
0x00007ffba08b0000 - 0x00007ffba0c4c000 	C:\Windows\System32\KERNELBASE.dll
0x00007ffba0fb0000 - 0x00007ffba10c1000 	C:\Windows\System32\ucrtbase.dll
0x00007ffb93e60000 - 0x00007ffb93e77000 	C:\Users\tofik\.jdks\corretto-17.0.6\bin\jli.dll
0x00007ffb946e0000 - 0x00007ffb946f5000 	C:\Users\tofik\.jdks\corretto-17.0.6\bin\VCRUNTIME140.dll
0x00007ffba2850000 - 0x00007ffba29fb000 	C:\Windows\System32\USER32.dll
0x00007ffba0f80000 - 0x00007ffba0fa6000 	C:\Windows\System32\win32u.dll
0x00007ffb87650000 - 0x00007ffb878de000 	C:\Windows\WinSxS\amd64_microsoft.windows.common-controls_6595b64144ccf1df_6.0.22621.608_none_a9444ca7c10bb01d\COMCTL32.dll
0x00007ffba2500000 - 0x00007ffba2529000 	C:\Windows\System32\GDI32.dll
0x00007ffba22a0000 - 0x00007ffba2347000 	C:\Windows\System32\msvcrt.dll
0x00007ffba0c50000 - 0x00007ffba0d63000 	C:\Windows\System32\gdi32full.dll
0x00007ffba0ee0000 - 0x00007ffba0f7a000 	C:\Windows\System32\msvcp_win.dll
0x00007ffba2260000 - 0x00007ffba2291000 	C:\Windows\System32\IMM32.DLL
0x00007ffb8e940000 - 0x00007ffb8e9db000 	C:\Users\tofik\.jdks\corretto-17.0.6\bin\msvcp140.dll
0x00007ffb3cc10000 - 0x00007ffb3d828000 	C:\Users\tofik\.jdks\corretto-17.0.6\bin\server\jvm.dll
0x00007ffba27a0000 - 0x00007ffba284e000 	C:\Windows\System32\ADVAPI32.dll
0x00007ffba2450000 - 0x00007ffba24f4000 	C:\Windows\System32\sechost.dll
0x00007ffba30b0000 - 0x00007ffba31c7000 	C:\Windows\System32\RPCRT4.dll
0x00007ffb95ab0000 - 0x00007ffb95aba000 	C:\Windows\SYSTEM32\VERSION.dll
0x00007ffb93630000 - 0x00007ffb93664000 	C:\Windows\SYSTEM32\WINMM.dll
0x00007ffb97de0000 - 0x00007ffb97de9000 	C:\Windows\SYSTEM32\WSOCK32.dll
0x00007ffba2a00000 - 0x00007ffba2a71000 	C:\Windows\System32\WS2_32.dll
0x00007ffb9f9b0000 - 0x00007ffb9f9c8000 	C:\Windows\SYSTEM32\kernel.appcore.dll
0x00007ffb94aa0000 - 0x00007ffb94aaa000 	C:\Users\tofik\.jdks\corretto-17.0.6\bin\jimage.dll
0x00007ffb9e070000 - 0x00007ffb9e29e000 	C:\Windows\SYSTEM32\DBGHELP.DLL
0x00007ffba2ba0000 - 0x00007ffba2f29000 	C:\Windows\System32\combase.dll
0x00007ffba2530000 - 0x00007ffba2607000 	C:\Windows\System32\OLEAUT32.dll
0x00007ffb927d0000 - 0x00007ffb92802000 	C:\Windows\SYSTEM32\dbgcore.DLL
0x00007ffba1190000 - 0x00007ffba120b000 	C:\Windows\System32\bcryptPrimitives.dll
0x00007ffb957f0000 - 0x00007ffb957fe000 	C:\Users\tofik\.jdks\corretto-17.0.6\bin\instrument.dll
0x00007ffb90aa0000 - 0x00007ffb90ac5000 	C:\Users\tofik\.jdks\corretto-17.0.6\bin\java.dll
0x00007ffb5a620000 - 0x00007ffb5a6f6000 	C:\Users\tofik\.jdks\corretto-17.0.6\bin\jsvml.dll
0x00007ffba1a60000 - 0x00007ffba2250000 	C:\Windows\System32\SHELL32.dll
0x00007ffb9e880000 - 0x00007ffb9f14d000 	C:\Windows\SYSTEM32\windows.storage.dll
0x00007ffb9e740000 - 0x00007ffb9e87e000 	C:\Windows\SYSTEM32\wintypes.dll
0x00007ffba2f30000 - 0x00007ffba3021000 	C:\Windows\System32\SHCORE.dll
0x00007ffba3050000 - 0x00007ffba30ae000 	C:\Windows\System32\shlwapi.dll
0x00007ffba07e0000 - 0x00007ffba0801000 	C:\Windows\SYSTEM32\profapi.dll
0x00007ffb8f370000 - 0x00007ffb8f388000 	C:\Users\tofik\.jdks\corretto-17.0.6\bin\zip.dll
0x00007ffb91a60000 - 0x00007ffb91a79000 	C:\Users\tofik\.jdks\corretto-17.0.6\bin\net.dll
0x00007ffb97770000 - 0x00007ffb978a7000 	C:\Windows\SYSTEM32\WINHTTP.dll
0x00007ffb9fe10000 - 0x00007ffb9fe79000 	C:\Windows\system32\mswsock.dll
0x00007ffb8fe40000 - 0x00007ffb8fe55000 	C:\Users\tofik\.jdks\corretto-17.0.6\bin\nio.dll
0x00007ffb957d0000 - 0x00007ffb957ea000 	C:\Program Files\JetBrains\IntelliJ IDEA 2022.3.2\bin\breakgen64.dll
0x00007ffb99540000 - 0x00007ffb99549000 	C:\Users\tofik\.jdks\corretto-17.0.6\bin\management.dll
0x00007ffb994a0000 - 0x00007ffb994ab000 	C:\Users\tofik\.jdks\corretto-17.0.6\bin\management_ext.dll
0x00007ffba2250000 - 0x00007ffba2258000 	C:\Windows\System32\PSAPI.DLL
0x00007ffb70570000 - 0x00007ffb70587000 	C:\Windows\system32\napinsp.dll
0x00007ffb68140000 - 0x00007ffb6815b000 	C:\Windows\system32\pnrpnsp.dll
0x00007ffb9f480000 - 0x00007ffb9f573000 	C:\Windows\SYSTEM32\DNSAPI.dll
0x00007ffb9f410000 - 0x00007ffb9f43d000 	C:\Windows\SYSTEM32\IPHLPAPI.DLL
0x00007ffba2350000 - 0x00007ffba2359000 	C:\Windows\System32\NSI.dll
0x00007ffb68120000 - 0x00007ffb68131000 	C:\Windows\System32\winrnr.dll
0x00007ffb67f80000 - 0x00007ffb67f95000 	C:\Windows\system32\wshbth.dll
0x00007ffb67f00000 - 0x00007ffb67f21000 	C:\Windows\system32\nlansp_c.dll
0x00007ffb944b0000 - 0x00007ffb944ba000 	C:\Windows\System32\rasadhlp.dll
0x00007ffb94540000 - 0x00007ffb945c3000 	C:\Windows\System32\fwpuclnt.dll
0x00007ffb8ea50000 - 0x00007ffb8eaca000 	C:\Users\tofik\AppData\Local\Temp\lwjgl_tofik\3.3.2+13\x64\lwjgl.dll
0x00007ffb5cb60000 - 0x00007ffb5cbe2000 	C:\Users\tofik\AppData\Local\Temp\lwjgl_tofik\3.3.2+13\x64\glfw.dll
0x00007ffb94930000 - 0x00007ffb94976000 	C:\Windows\SYSTEM32\dinput8.dll
0x00007ffb61cf0000 - 0x00007ffb61d01000 	C:\Windows\SYSTEM32\xinput1_4.dll
0x00007ffba05a0000 - 0x00007ffba05ee000 	C:\Windows\SYSTEM32\cfgmgr32.dll
0x00007ffba0570000 - 0x00007ffba059c000 	C:\Windows\SYSTEM32\DEVOBJ.dll
0x00007ffb9d9a0000 - 0x00007ffb9d9cb000 	C:\Windows\SYSTEM32\dwmapi.dll
0x00007ffb91850000 - 0x00007ffb91a51000 	C:\Windows\SYSTEM32\inputhost.dll
0x00007ffb999c0000 - 0x00007ffb99af3000 	C:\Windows\SYSTEM32\CoreMessaging.dll
0x00007ffb99df0000 - 0x00007ffb99e9b000 	C:\Windows\system32\uxtheme.dll
0x00007ffba1280000 - 0x00007ffba139e000 	C:\Windows\System32\MSCTF.dll
0x00007ffba0110000 - 0x00007ffba011c000 	C:\Windows\SYSTEM32\CRYPTBASE.DLL
0x00007ffb88980000 - 0x00007ffb88a80000 	C:\Windows\SYSTEM32\opengl32.dll
0x00007ffb8b410000 - 0x00007ffb8b43d000 	C:\Windows\SYSTEM32\GLU32.dll
0x00007ffb9da10000 - 0x00007ffb9da46000 	C:\Windows\SYSTEM32\dxcore.dll
0x00007ffba31d0000 - 0x00007ffba3280000 	C:\Windows\System32\clbcatq.dll
0x00007ffb107c0000 - 0x00007ffb137e8000 	C:\Windows\System32\DriverStore\FileRepository\nvam.inf_amd64_4c9ded46d0fbe1f8\nvoglv64.dll
0x00007ffba15c0000 - 0x00007ffba1a34000 	C:\Windows\System32\SETUPAPI.dll
0x00007ffba3280000 - 0x00007ffba341c000 	C:\Windows\System32\ole32.dll
0x00007ffb99d40000 - 0x00007ffb99d54000 	C:\Windows\SYSTEM32\WTSAPI32.dll
0x00007ffba0550000 - 0x00007ffba0562000 	C:\Windows\SYSTEM32\msasn1.dll
0x00007ffb940b0000 - 0x00007ffb940e2000 	C:\Windows\SYSTEM32\cryptnet.dll
0x00007ffba0d70000 - 0x00007ffba0ed6000 	C:\Windows\System32\CRYPT32.dll
0x00007ffb93f50000 - 0x00007ffb940a8000 	C:\Windows\SYSTEM32\drvstore.dll
0x00007ffba0090000 - 0x00007ffba00d8000 	C:\Windows\SYSTEM32\wldp.dll
0x00007ffba1210000 - 0x00007ffba127b000 	C:\Windows\System32\WINTRUST.dll
0x00007ffb9f9d0000 - 0x00007ffb9fa04000 	C:\Windows\SYSTEM32\ntmarta.dll
0x00007ffb8dc90000 - 0x00007ffb8df61000 	C:\Windows\system32\nvspcap64.dll
0x00007ffb9f780000 - 0x00007ffb9f7cd000 	C:\Windows\SYSTEM32\powrprof.dll
0x00007ffb9f760000 - 0x00007ffb9f773000 	C:\Windows\SYSTEM32\UMPDC.dll
0x00007ffb9f390000 - 0x00007ffb9f3f6000 	C:\Windows\SYSTEM32\WINSTA.dll
0x00007ffb90b40000 - 0x00007ffb90c6e000 	C:\Windows\SYSTEM32\textinputframework.dll
0x00007ffb96a60000 - 0x00007ffb96dcc000 	C:\Windows\SYSTEM32\CoreUIComponents.dll
0x00007ffb91b30000 - 0x00007ffb91b8e000 	C:\Users\tofik\AppData\Local\Temp\lwjgl_tofik\3.3.2+13\x64\lwjgl_opengl.dll

dbghelp: loaded successfully - version: 4.0.5 - missing functions: none
symbol engine: initialized successfully - sym options: 0x614 - pdb path: .;C:\Users\tofik\.jdks\corretto-17.0.6\bin;C:\Windows\SYSTEM32;C:\Windows\WinSxS\amd64_microsoft.windows.common-controls_6595b64144ccf1df_6.0.22621.608_none_a9444ca7c10bb01d;C:\Users\tofik\.jdks\corretto-17.0.6\bin\server;C:\Program Files\JetBrains\IntelliJ IDEA 2022.3.2\bin;C:\Users\tofik\AppData\Local\Temp\lwjgl_tofik\3.3.2+13\x64;C:\Windows\System32\DriverStore\FileRepository\nvam.inf_amd64_4c9ded46d0fbe1f8

VM Arguments:
jvm_args: -javaagent:C:\Program Files\JetBrains\IntelliJ IDEA 2022.3.2\lib\idea_rt.jar=63573:C:\Program Files\JetBrains\IntelliJ IDEA 2022.3.2\bin -Dfile.encoding=UTF-8 
java_command: engine.krisp.sample.MainKt
java_class_path (initial): C:\Github\KrispEngine\Krisp\sample\build\classes\kotlin\main;C:\Github\KrispEngine\Krisp\build\classes\kotlin\main;C:\Github\KrispEngine\Krisp\build\resources\main;C:\Users\tofik\.gradle\caches\modules-2\files-2.1\org.jetbrains.kotlin\kotlin-stdlib-jdk8\1.8.0\ed04f49e186a116753ad70d34f0ac2925d1d8020\kotlin-stdlib-jdk8-1.8.0.jar;C:\Users\tofik\.gradle\caches\modules-2\files-2.1\net.java.dev.jna\jna\5.12.1\b1e93a735caea94f503e95e6fe79bf9cdc1e985d\jna-5.12.1.jar;C:\Users\tofik\.gradle\caches\modules-2\files-2.1\org.apache.logging.log4j\log4j-core\2.20.0\eb2a9a47b1396e00b5eee1264296729a70565cc0\log4j-core-2.20.0.jar;C:\Users\tofik\.gradle\caches\modules-2\files-2.1\org.apache.logging.log4j\log4j-slf4j-impl\2.20.0\7ab4f082fd162f60afcaf2b8744a3d959feab3e8\log4j-slf4j-impl-2.20.0.jar;C:\Users\tofik\.gradle\caches\modules-2\files-2.1\org.apache.logging.log4j\log4j-api\2.20.0\1fe6082e660daf07c689a89c94dc0f49c26b44bb\log4j-api-2.20.0.jar;C:\Users\tofik\.gradle\caches\modules-2\files-2.1\org.lwjgl\lwjgl-assimp\3.3.2\e5238c13abef6b0fd6e1b4320d3c8cd0c10bfe61\lwjgl-assimp-3.3.2.jar;C:\Users\tofik\.gradle\caches\modules-2\files-2.1\org.lwjgl\lwjgl-glfw\3.3.2\757920418805fb90bfebb3d46b1d9e7669fca2eb\lwjgl-glfw-3.3.2.jar;C:\Users\tofik\.gradle\caches\modules-2\files-2.1\org.lwjgl\lwjgl-openal\3.3.2\ae5357ed6d934546d3533993ea84c0cfb75eed95\lwjgl-openal-3.3.2.jar;C:\Users\tofik\.gradle\caches\modules-2\files-2.1\org.lwjgl\lwjgl-opengl\3.3.2\ee8e95be0b438602038bc1f02dc5e3d011b1b216\lwjgl-opengl-3.3.2.jar;C:\Users\tofik\.gradle\caches\modules-2\files-2.1\org.lwjgl\lwjgl-stb\3.3.2\a2550795014d622b686e9caac50b14baa87d2c70\lwjgl-stb-3.3.2.jar;C:\Users\tofik\.gradle\caches\modules-2\files-2.1\org.lwjgl\lwjgl\3.3.2\4421d94af68e35dcaa31737a6fc59136a1e61b94\lwjgl-3.3.2.jar;C:\Users\tofik\.gradle\caches\modules-2\files-2.1\org.jetbrains.kotlin\kotlin-stdlib-jdk7\1.8.0\3c91271347f678c239607abb676d4032a7898427\kotlin-stdlib-jdk7-1.8.0.jar;C:\Users\tofik\.gradle\caches
Launcher Type: SUN_STANDARD

[Global flags]
     intx CICompilerCount                          = 4                                         {product} {ergonomic}
     uint ConcGCThreads                            = 2                                         {product} {ergonomic}
     uint G1ConcRefinementThreads                  = 8                                         {product} {ergonomic}
   size_t G1HeapRegionSize                         = 2097152                                   {product} {ergonomic}
    uintx GCDrainStackTargetSize                   = 64                                        {product} {ergonomic}
   size_t InitialHeapSize                          = 264241152                                 {product} {ergonomic}
   size_t MarkStackSize                            = 4194304                                   {product} {ergonomic}
   size_t MaxHeapSize                              = 4211081216                                {product} {ergonomic}
   size_t MaxNewSize                               = 2524971008                                {product} {ergonomic}
   size_t MinHeapDeltaBytes                        = 2097152                                   {product} {ergonomic}
   size_t MinHeapSize                              = 8388608                                   {product} {ergonomic}
    uintx NonNMethodCodeHeapSize                   = 5839372                                {pd product} {ergonomic}
    uintx NonProfiledCodeHeapSize                  = 122909434                              {pd product} {ergonomic}
    uintx ProfiledCodeHeapSize                     = 122909434                              {pd product} {ergonomic}
    uintx ReservedCodeCacheSize                    = 251658240                              {pd product} {ergonomic}
     bool SegmentedCodeCache                       = true                                      {product} {ergonomic}
   size_t SoftMaxHeapSize                          = 4211081216                             {manageable} {ergonomic}
     bool UseCompressedClassPointers               = true                           {product lp64_product} {ergonomic}
     bool UseCompressedOops                        = true                           {product lp64_product} {ergonomic}
     bool UseG1GC                                  = true                                      {product} {ergonomic}
     bool UseLargePagesIndividualAllocation        = false                                  {pd product} {ergonomic}

Logging:
Log output configuration:
 #0: stdout all=warning uptime,level,tags
 #1: stderr all=off uptime,level,tags

Environment Variables:
PATH=C:\Windows\system32;C:\Windows;C:\Windows\System32\Wbem;C:\Windows\System32\WindowsPowerShell\v1.0\;C:\Windows\System32\OpenSSH\;C:\Program Files\Go\bin;C:\Program Files\Git\cmd;C:\Program Files\Neovim\bin;C:\Program Files\dotnet\;;C:\Program Files\NVIDIA Corporation\NVIDIA NvDLISR;C:\Users\tofik\.cargo\bin;C:\Users\tofik\AppData\Local\Microsoft\WindowsApps;C:\Program Files\JetBrains\IntelliJ IDEA 2022.3.2\bin;C:\Users\tofik\AppData\Local\GitHubDesktop\bin;C:\Users\tofik\AppData\Local\Programs\Microsoft VS Code\bin;C:\Users\tofik\go\bin;C:\Users\tofik\.jdks\corretto-17.0.6\bin;C:\Program Files\JetBrains\CLion 2022.3.2\bin;C:\Users\tofik\.dotnet\tools;C:\Program Files\JetBrains\WebStorm 2022.3.3\bin;C:\Users\tofik\AppData\Local\JetBrains\Toolbox\scripts;C:\Users\tofik\.dotnet\tools;C:\OdinLang;;C:\Program Files\JetBrains\PyCharm 2023.1\bin;
USERNAME=tofik
OS=Windows_NT
PROCESSOR_IDENTIFIER=Intel64 Family 6 Model 140 Stepping 1, GenuineIntel
TMP=C:\Users\tofik\AppData\Local\Temp
TEMP=C:\Users\tofik\AppData\Local\Temp



---------------  S Y S T E M  ---------------

OS:
 Windows 11 , 64 bit Build 22621 (10.0.22621.1485)
OS uptime: 5 days 15:52 hours
Hyper-V role detected

CPU: total 8 (initial active 8) (4 cores per cpu, 2 threads per core) family 6 model 140 stepping 1 microcode 0x86, cx8, cmov, fxsr, ht, mmx, 3dnowpref, sse, sse2, sse3, ssse3, sse4.1, sse4.2, popcnt, lzcnt, tsc, tscinvbit, avx, avx2, aes, erms, clmul, bmi1, bmi2, adx, avx512f, avx512dq, avx512cd, avx512bw, avx512vl, sha, fma, vzeroupper, avx512_vpopcntdq, avx512_vpclmulqdq, avx512_vaes, avx512_vnni, clflush, clflushopt, clwb, avx512_vbmi2, avx512_vbmi, hv

Memory: 4k page, system-wide physical 16061M (3070M free)
TotalPageFile size 29885M (AvailPageFile size 12666M)
current process WorkingSet (physical memory assigned to process): 127M, peak: 127M
current process commit charge ("private bytes"): 404M, peak: 404M

vm_info: OpenJDK 64-Bit Server VM (17.0.6+10-LTS) for windows-amd64 JRE (17.0.6+10-LTS), built on Jan 13 2023 22:57:04 by "Administrator" with MS VC++ 15.9 (VS2017)

END.
